<?xml version="1.0" encoding="UTF-8"?>
<!-- Generated by org.testng.reporters.JUnitXMLReporter -->
<testsuite ignored="168" hostname="QUASPC1212" failures="0" tests="1" name="Default test" time="52.684" errors="0" timestamp="2022-04-27T11:59:42 IST">
  <testcase classname="pv_admin.PV_CrimeMapping" name="PV_CrimeMapping_135" time="31.417"/>
  <testcase classname="pv_admin.PV_CrimeMapping" name="PV_CrimeMapping_05" time="0.0">
    <ignored/>
  </testcase> <!-- PV_CrimeMapping_05 -->
  <testcase classname="pv_admin.PV_CrimeMapping" name="PV_CrimeMapping_02" time="0.0">
    <ignored/>
  </testcase> <!-- PV_CrimeMapping_02 -->
  <testcase classname="pv_admin.PV_CrimeMapping" name="PV_CrimeMapping_87" time="0.0">
    <ignored/>
  </testcase> <!-- PV_CrimeMapping_87 -->
  <testcase classname="pv_admin.PV_CrimeMapping" name="PV_CrimeMapping_04" time="0.0">
    <ignored/>
  </testcase> <!-- PV_CrimeMapping_04 -->
  <testcase classname="pv_admin.PV_CrimeMapping" name="PV_CrimeMapping_01" time="0.0">
    <ignored/>
  </testcase> <!-- PV_CrimeMapping_01 -->
  <testcase classname="pv_admin.PV_CrimeMapping" name="PV_CrimeMapping_89" time="0.0">
    <ignored/>
  </testcase> <!-- PV_CrimeMapping_89 -->
  <testcase classname="pv_admin.PV_CrimeMapping" name="PV_CrimeMapping_86" time="0.0">
    <ignored/>
  </testcase> <!-- PV_CrimeMapping_86 -->
  <testcase classname="pv_admin.PV_CrimeMapping" name="PV_CrimeMapping_83" time="0.0">
    <ignored/>
  </testcase> <!-- PV_CrimeMapping_83 -->
  <testcase classname="pv_admin.PV_CrimeMapping" name="PV_CrimeMapping_88" time="0.0">
    <ignored/>
  </testcase> <!-- PV_CrimeMapping_88 -->
  <testcase classname="pv_admin.PV_CrimeMapping" name="PV_CrimeMapping_85" time="0.0">
    <ignored/>
  </testcase> <!-- PV_CrimeMapping_85 -->
  <testcase classname="pv_admin.PV_CrimeMapping" name="PV_CrimeMapping_82" time="0.0">
    <ignored/>
  </testcase> <!-- PV_CrimeMapping_82 -->
  <testcase classname="pv_admin.PV_CrimeMapping" name="PV_CrimeMapping_84" time="0.0">
    <ignored/>
  </testcase> <!-- PV_CrimeMapping_84 -->
  <testcase classname="pv_admin.PV_CrimeMapping" name="PV_CrimeMapping_81" time="0.0">
    <ignored/>
  </testcase> <!-- PV_CrimeMapping_81 -->
  <testcase classname="pv_admin.PV_CrimeMapping" name="PV_CrimeMapping_117" time="0.0">
    <ignored/>
  </testcase> <!-- PV_CrimeMapping_117 -->
  <testcase classname="pv_admin.PV_CrimeMapping" name="PV_CrimeMapping_80" time="0.0">
    <ignored/>
  </testcase> <!-- PV_CrimeMapping_80 -->
  <testcase classname="pv_admin.PV_CrimeMapping" name="PV_CrimeMapping_113" time="0.0">
    <ignored/>
  </testcase> <!-- PV_CrimeMapping_113 -->
  <testcase classname="pv_admin.PV_CrimeMapping" name="PV_CrimeMapping_118" time="0.0">
    <ignored/>
  </testcase> <!-- PV_CrimeMapping_118 -->
  <testcase classname="pv_admin.PV_CrimeMapping" name="PV_CrimeMapping_119" time="0.0">
    <ignored/>
  </testcase> <!-- PV_CrimeMapping_119 -->
  <testcase classname="pv_admin.PV_CrimeMapping" name="PV_CrimeMapping_116" time="0.0">
    <ignored/>
  </testcase> <!-- PV_CrimeMapping_116 -->
  <testcase classname="pv_admin.PV_CrimeMapping" name="PV_CrimeMapping_197" time="0.0">
    <ignored/>
  </testcase> <!-- PV_CrimeMapping_197 -->
  <testcase classname="pv_admin.PV_CrimeMapping" name="PV_CrimeMapping_114" time="0.0">
    <ignored/>
  </testcase> <!-- PV_CrimeMapping_114 -->
  <testcase classname="pv_admin.PV_CrimeMapping" name="PV_CrimeMapping_115" time="0.0">
    <ignored/>
  </testcase> <!-- PV_CrimeMapping_115 -->
  <testcase classname="pv_admin.PV_CrimeMapping" name="PV_CrimeMapping_112" time="0.0">
    <ignored/>
  </testcase> <!-- PV_CrimeMapping_112 -->
  <testcase classname="pv_admin.PV_CrimeMapping" name="PV_CrimeMapping_193" time="0.0">
    <ignored/>
  </testcase> <!-- PV_CrimeMapping_193 -->
  <testcase classname="pv_admin.PV_CrimeMapping" name="PV_CrimeMapping_110" time="0.0">
    <ignored/>
  </testcase> <!-- PV_CrimeMapping_110 -->
  <testcase classname="pv_admin.PV_CrimeMapping" name="PV_CrimeMapping_198" time="0.0">
    <ignored/>
  </testcase> <!-- PV_CrimeMapping_198 -->
  <testcase classname="pv_admin.PV_CrimeMapping" name="PV_CrimeMapping_111" time="0.0">
    <ignored/>
  </testcase> <!-- PV_CrimeMapping_111 -->
  <testcase classname="pv_admin.PV_CrimeMapping" name="PV_CrimeMapping_199" time="0.0">
    <ignored/>
  </testcase> <!-- PV_CrimeMapping_199 -->
  <testcase classname="pv_admin.PV_CrimeMapping" name="PV_CrimeMapping_07" time="0.0">
    <ignored/>
  </testcase> <!-- PV_CrimeMapping_07 -->
  <testcase classname="pv_admin.PV_CrimeMapping" name="PV_CrimeMapping_196" time="0.0">
    <ignored/>
  </testcase> <!-- PV_CrimeMapping_196 -->
  <testcase classname="pv_admin.PV_CrimeMapping" name="PV_CrimeMapping_09" time="0.0">
    <ignored/>
  </testcase> <!-- PV_CrimeMapping_09 -->
  <testcase classname="pv_admin.PV_CrimeMapping" name="PV_CrimeMapping_06" time="0.0">
    <ignored/>
  </testcase> <!-- PV_CrimeMapping_06 -->
  <testcase classname="pv_admin.PV_CrimeMapping" name="PV_CrimeMapping_194" time="0.0">
    <ignored/>
  </testcase> <!-- PV_CrimeMapping_194 -->
  <testcase classname="pv_admin.PV_CrimeMapping" name="PV_CrimeMapping_03" time="0.0">
    <ignored/>
  </testcase> <!-- PV_CrimeMapping_03 -->
  <testcase classname="pv_admin.PV_CrimeMapping" name="PV_CrimeMapping_195" time="0.0">
    <ignored/>
  </testcase> <!-- PV_CrimeMapping_195 -->
  <testcase classname="pv_admin.PV_CrimeMapping" name="PV_CrimeMapping_08" time="0.0">
    <ignored/>
  </testcase> <!-- PV_CrimeMapping_08 -->
  <testcase classname="pv_admin.PV_CrimeMapping" name="PV_CrimeMapping_192" time="0.0">
    <ignored/>
  </testcase> <!-- PV_CrimeMapping_192 -->
  <testcase classname="pv_admin.PV_CrimeMapping" name="PV_CrimeMapping_79" time="0.0">
    <ignored/>
  </testcase> <!-- PV_CrimeMapping_79 -->
  <testcase classname="pv_admin.PV_CrimeMapping" name="PV_CrimeMapping_190" time="0.0">
    <ignored/>
  </testcase> <!-- PV_CrimeMapping_190 -->
  <testcase classname="pv_admin.PV_CrimeMapping" name="PV_CrimeMapping_76" time="0.0">
    <ignored/>
  </testcase> <!-- PV_CrimeMapping_76 -->
  <testcase classname="pv_admin.PV_CrimeMapping" name="PV_CrimeMapping_191" time="0.0">
    <ignored/>
  </testcase> <!-- PV_CrimeMapping_191 -->
  <testcase classname="pv_admin.PV_CrimeMapping" name="PV_CrimeMapping_78" time="0.0">
    <ignored/>
  </testcase> <!-- PV_CrimeMapping_78 -->
  <testcase classname="pv_admin.PV_CrimeMapping" name="PV_CrimeMapping_75" time="0.0">
    <ignored/>
  </testcase> <!-- PV_CrimeMapping_75 -->
  <testcase classname="pv_admin.PV_CrimeMapping" name="PV_CrimeMapping_72" time="0.0">
    <ignored/>
  </testcase> <!-- PV_CrimeMapping_72 -->
  <testcase classname="pv_admin.PV_CrimeMapping" name="PV_CrimeMapping_77" time="0.0">
    <ignored/>
  </testcase> <!-- PV_CrimeMapping_77 -->
  <testcase classname="pv_admin.PV_CrimeMapping" name="PV_CrimeMapping_74" time="0.0">
    <ignored/>
  </testcase> <!-- PV_CrimeMapping_74 -->
  <testcase classname="pv_admin.PV_CrimeMapping" name="PV_CrimeMapping_71" time="0.0">
    <ignored/>
  </testcase> <!-- PV_CrimeMapping_71 -->
  <testcase classname="pv_admin.PV_CrimeMapping" name="Openurl" time="0.0">
    <ignored/>
  </testcase> <!-- Openurl -->
  <testcase classname="pv_admin.PV_CrimeMapping" name="PV_CrimeMapping_73" time="0.0">
    <ignored/>
  </testcase> <!-- PV_CrimeMapping_73 -->
  <testcase classname="pv_admin.PV_CrimeMapping" name="PV_CrimeMapping_70" time="0.0">
    <ignored/>
  </testcase> <!-- PV_CrimeMapping_70 -->
  <testcase classname="pv_admin.PV_CrimeMapping" name="PV_CrimeMapping_106" time="0.0">
    <ignored/>
  </testcase> <!-- PV_CrimeMapping_106 -->
  <testcase classname="pv_admin.PV_CrimeMapping" name="PV_CrimeMapping_109" time="0.0">
    <ignored/>
  </testcase> <!-- PV_CrimeMapping_109 -->
  <testcase classname="pv_admin.PV_CrimeMapping" name="PV_CrimeMapping_102" time="0.0">
    <ignored/>
  </testcase> <!-- PV_CrimeMapping_102 -->
  <testcase classname="pv_admin.PV_CrimeMapping" name="PV_CrimeMapping_107" time="0.0">
    <ignored/>
  </testcase> <!-- PV_CrimeMapping_107 -->
  <testcase classname="pv_admin.PV_CrimeMapping" name="PV_CrimeMapping_108" time="0.0">
    <ignored/>
  </testcase> <!-- PV_CrimeMapping_108 -->
  <testcase classname="pv_admin.PV_CrimeMapping" name="PV_CrimeMapping_105" time="0.0">
    <ignored/>
  </testcase> <!-- PV_CrimeMapping_105 -->
  <testcase classname="pv_admin.PV_CrimeMapping" name="PV_CrimeMapping_103" time="0.0">
    <ignored/>
  </testcase> <!-- PV_CrimeMapping_103 -->
  <testcase classname="pv_admin.PV_CrimeMapping" name="PV_CrimeMapping_104" time="0.0">
    <ignored/>
  </testcase> <!-- PV_CrimeMapping_104 -->
  <testcase classname="pv_admin.PV_CrimeMapping" name="PV_CrimeMapping_101" time="0.0">
    <ignored/>
  </testcase> <!-- PV_CrimeMapping_101 -->
  <testcase classname="pv_admin.PV_CrimeMapping" name="PV_CrimeMapping_189" time="0.0">
    <ignored/>
  </testcase> <!-- PV_CrimeMapping_189 -->
  <testcase classname="pv_admin.PV_CrimeMapping" name="PV_CrimeMapping_100" time="0.0">
    <ignored/>
  </testcase> <!-- PV_CrimeMapping_100 -->
  <testcase classname="pv_admin.PV_CrimeMapping" name="PV_CrimeMapping_68" time="0.0">
    <ignored/>
  </testcase> <!-- PV_CrimeMapping_68 -->
  <testcase classname="pv_admin.PV_CrimeMapping" name="PV_CrimeMapping_65" time="0.0">
    <ignored/>
  </testcase> <!-- PV_CrimeMapping_65 -->
  <testcase classname="pv_admin.PV_CrimeMapping" name="PV_CrimeMapping_67" time="0.0">
    <ignored/>
  </testcase> <!-- PV_CrimeMapping_67 -->
  <testcase classname="pv_admin.PV_CrimeMapping" name="PV_CrimeMapping_64" time="0.0">
    <ignored/>
  </testcase> <!-- PV_CrimeMapping_64 -->
  <testcase classname="pv_admin.PV_CrimeMapping" name="PV_CrimeMapping_61" time="0.0">
    <ignored/>
  </testcase> <!-- PV_CrimeMapping_61 -->
  <testcase classname="pv_admin.PV_CrimeMapping" name="PV_CrimeMapping_66" time="0.0">
    <ignored/>
  </testcase> <!-- PV_CrimeMapping_66 -->
  <testcase classname="pv_admin.PV_CrimeMapping" name="PV_CrimeMapping_63" time="0.0">
    <ignored/>
  </testcase> <!-- PV_CrimeMapping_63 -->
  <testcase classname="pv_admin.PV_CrimeMapping" name="PV_CrimeMapping_60" time="0.0">
    <ignored/>
  </testcase> <!-- PV_CrimeMapping_60 -->
  <testcase classname="pv_admin.PV_CrimeMapping" name="PV_CrimeMapping_62" time="0.0">
    <ignored/>
  </testcase> <!-- PV_CrimeMapping_62 -->
  <testcase classname="pv_admin.PV_CrimeMapping" name="PV_CrimeMapping_139" time="0.0">
    <ignored/>
  </testcase> <!-- PV_CrimeMapping_139 -->
  <testcase classname="pv_admin.PV_CrimeMapping" name="PV_CrimeMapping_138" time="0.0">
    <ignored/>
  </testcase> <!-- PV_CrimeMapping_138 -->
  <testcase classname="pv_admin.PV_CrimeMapping" name="PV_CrimeMapping_131" time="0.0">
    <ignored/>
  </testcase> <!-- PV_CrimeMapping_131 -->
  <testcase classname="pv_admin.PV_CrimeMapping" name="PV_CrimeMapping_136" time="0.0">
    <ignored/>
  </testcase> <!-- PV_CrimeMapping_136 -->
  <testcase classname="pv_admin.PV_CrimeMapping" name="PV_CrimeMapping_137" time="0.0">
    <ignored/>
  </testcase> <!-- PV_CrimeMapping_137 -->
  <testcase classname="pv_admin.PV_CrimeMapping" name="PV_CrimeMapping_134" time="0.0">
    <ignored/>
  </testcase> <!-- PV_CrimeMapping_134 -->
  <testcase classname="pv_admin.PV_CrimeMapping" name="PV_CrimeMapping_132" time="0.0">
    <ignored/>
  </testcase> <!-- PV_CrimeMapping_132 -->
  <testcase classname="pv_admin.PV_CrimeMapping" name="PV_CrimeMapping_133" time="0.0">
    <ignored/>
  </testcase> <!-- PV_CrimeMapping_133 -->
  <testcase classname="pv_admin.PV_CrimeMapping" name="PV_CrimeMapping_130" time="0.0">
    <ignored/>
  </testcase> <!-- PV_CrimeMapping_130 -->
  <testcase classname="pv_admin.PV_CrimeMapping" name="PV_CrimeMapping_69" time="0.0">
    <ignored/>
  </testcase> <!-- PV_CrimeMapping_69 -->
  <testcase classname="pv_admin.PV_CrimeMapping" name="PV_CrimeMapping_57" time="0.0">
    <ignored/>
  </testcase> <!-- PV_CrimeMapping_57 -->
  <testcase classname="pv_admin.PV_CrimeMapping" name="PV_CrimeMapping_54" time="0.0">
    <ignored/>
  </testcase> <!-- PV_CrimeMapping_54 -->
  <testcase classname="pv_admin.PV_CrimeMapping" name="PV_CrimeMapping_59" time="0.0">
    <ignored/>
  </testcase> <!-- PV_CrimeMapping_59 -->
  <testcase classname="pv_admin.PV_CrimeMapping" name="PV_CrimeMapping_56" time="0.0">
    <ignored/>
  </testcase> <!-- PV_CrimeMapping_56 -->
  <testcase classname="pv_admin.PV_CrimeMapping" name="PV_CrimeMapping_53" time="0.0">
    <ignored/>
  </testcase> <!-- PV_CrimeMapping_53 -->
  <testcase classname="pv_admin.PV_CrimeMapping" name="PV_CrimeMapping_50" time="0.0">
    <ignored/>
  </testcase> <!-- PV_CrimeMapping_50 -->
  <testcase classname="pv_admin.PV_CrimeMapping" name="PV_CrimeMapping_55" time="0.0">
    <ignored/>
  </testcase> <!-- PV_CrimeMapping_55 -->
  <testcase classname="pv_admin.PV_CrimeMapping" name="PV_CrimeMapping_52" time="0.0">
    <ignored/>
  </testcase> <!-- PV_CrimeMapping_52 -->
  <testcase classname="pv_admin.PV_CrimeMapping" name="PV_CrimeMapping_51" time="0.0">
    <ignored/>
  </testcase> <!-- PV_CrimeMapping_51 -->
  <testcase classname="pv_admin.PV_CrimeMapping" name="PV_CrimeMapping_128" time="0.0">
    <ignored/>
  </testcase> <!-- PV_CrimeMapping_128 -->
  <testcase classname="pv_admin.PV_CrimeMapping" name="PV_CrimeMapping_124" time="0.0">
    <ignored/>
  </testcase> <!-- PV_CrimeMapping_124 -->
  <testcase classname="pv_admin.PV_CrimeMapping" name="PV_CrimeMapping_129" time="0.0">
    <ignored/>
  </testcase> <!-- PV_CrimeMapping_129 -->
  <testcase classname="pv_admin.PV_CrimeMapping" name="PV_CrimeMapping_127" time="0.0">
    <ignored/>
  </testcase> <!-- PV_CrimeMapping_127 -->
  <testcase classname="pv_admin.PV_CrimeMapping" name="PV_CrimeMapping_120" time="0.0">
    <ignored/>
  </testcase> <!-- PV_CrimeMapping_120 -->
  <testcase classname="pv_admin.PV_CrimeMapping" name="PV_CrimeMapping_125" time="0.0">
    <ignored/>
  </testcase> <!-- PV_CrimeMapping_125 -->
  <testcase classname="pv_admin.PV_CrimeMapping" name="PV_CrimeMapping_126" time="0.0">
    <ignored/>
  </testcase> <!-- PV_CrimeMapping_126 -->
  <testcase classname="pv_admin.PV_CrimeMapping" name="PV_CrimeMapping_123" time="0.0">
    <ignored/>
  </testcase> <!-- PV_CrimeMapping_123 -->
  <testcase classname="pv_admin.PV_CrimeMapping" name="PV_CrimeMapping_121" time="0.0">
    <ignored/>
  </testcase> <!-- PV_CrimeMapping_121 -->
  <testcase classname="pv_admin.PV_CrimeMapping" name="PV_CrimeMapping_122" time="0.0">
    <ignored/>
  </testcase> <!-- PV_CrimeMapping_122 -->
  <testcase classname="pv_admin.PV_CrimeMapping" name="PV_CrimeMapping_58" time="0.0">
    <ignored/>
  </testcase> <!-- PV_CrimeMapping_58 -->
  <testcase classname="pv_admin.PV_CrimeMapping" name="PV_CrimeMapping_49" time="0.0">
    <ignored/>
  </testcase> <!-- PV_CrimeMapping_49 -->
  <testcase classname="pv_admin.PV_CrimeMapping" name="PV_CrimeMapping_46" time="0.0">
    <ignored/>
  </testcase> <!-- PV_CrimeMapping_46 -->
  <testcase classname="pv_admin.PV_CrimeMapping" name="PV_CrimeMapping_43" time="0.0">
    <ignored/>
  </testcase> <!-- PV_CrimeMapping_43 -->
  <testcase classname="pv_admin.PV_CrimeMapping" name="PV_CrimeMapping_48" time="0.0">
    <ignored/>
  </testcase> <!-- PV_CrimeMapping_48 -->
  <testcase classname="pv_admin.PV_CrimeMapping" name="PV_CrimeMapping_45" time="0.0">
    <ignored/>
  </testcase> <!-- PV_CrimeMapping_45 -->
  <testcase classname="pv_admin.PV_CrimeMapping" name="PV_CrimeMapping_42" time="0.0">
    <ignored/>
  </testcase> <!-- PV_CrimeMapping_42 -->
  <testcase classname="pv_admin.PV_CrimeMapping" name="PV_CrimeMapping_44" time="0.0">
    <ignored/>
  </testcase> <!-- PV_CrimeMapping_44 -->
  <testcase classname="pv_admin.PV_CrimeMapping" name="PV_CrimeMapping_41" time="0.0">
    <ignored/>
  </testcase> <!-- PV_CrimeMapping_41 -->
  <testcase classname="pv_admin.PV_CrimeMapping" name="PV_CrimeMapping_40" time="0.0">
    <ignored/>
  </testcase> <!-- PV_CrimeMapping_40 -->
  <testcase classname="pv_admin.PV_CrimeMapping" name="PV_CrimeMapping_47" time="0.0">
    <ignored/>
  </testcase> <!-- PV_CrimeMapping_47 -->
  <testcase classname="pv_admin.PV_CrimeMapping" name="PV_CrimeMapping_38" time="0.0">
    <ignored/>
  </testcase> <!-- PV_CrimeMapping_38 -->
  <testcase classname="pv_admin.PV_CrimeMapping" name="PV_CrimeMapping_35" time="0.0">
    <ignored/>
  </testcase> <!-- PV_CrimeMapping_35 -->
  <testcase classname="pv_admin.PV_CrimeMapping" name="PV_CrimeMapping_32" time="0.0">
    <ignored/>
  </testcase> <!-- PV_CrimeMapping_32 -->
  <testcase classname="pv_admin.PV_CrimeMapping" name="PV_CrimeMapping_37" time="0.0">
    <ignored/>
  </testcase> <!-- PV_CrimeMapping_37 -->
  <testcase classname="pv_admin.PV_CrimeMapping" name="PV_CrimeMapping_34" time="0.0">
    <ignored/>
  </testcase> <!-- PV_CrimeMapping_34 -->
  <testcase classname="pv_admin.PV_CrimeMapping" name="PV_CrimeMapping_31" time="0.0">
    <ignored/>
  </testcase> <!-- PV_CrimeMapping_31 -->
  <testcase classname="pv_admin.PV_CrimeMapping" name="PV_CrimeMapping_33" time="0.0">
    <ignored/>
  </testcase> <!-- PV_CrimeMapping_33 -->
  <testcase classname="pv_admin.PV_CrimeMapping" name="PV_CrimeMapping_30" time="0.0">
    <ignored/>
  </testcase> <!-- PV_CrimeMapping_30 -->
  <testcase classname="pv_admin.PV_CrimeMapping" name="PV_CrimeMapping_146" time="0.0">
    <ignored/>
  </testcase> <!-- PV_CrimeMapping_146 -->
  <testcase classname="pv_admin.PV_CrimeMapping" name="PV_CrimeMapping_149" time="0.0">
    <ignored/>
  </testcase> <!-- PV_CrimeMapping_149 -->
  <testcase classname="pv_admin.PV_CrimeMapping" name="PV_CrimeMapping_142" time="0.0">
    <ignored/>
  </testcase> <!-- PV_CrimeMapping_142 -->
  <testcase classname="pv_admin.PV_CrimeMapping" name="PV_CrimeMapping_147" time="0.0">
    <ignored/>
  </testcase> <!-- PV_CrimeMapping_147 -->
  <testcase classname="pv_admin.PV_CrimeMapping" name="PV_CrimeMapping_145" time="0.0">
    <ignored/>
  </testcase> <!-- PV_CrimeMapping_145 -->
  <testcase classname="pv_admin.PV_CrimeMapping" name="PV_CrimeMapping_143" time="0.0">
    <ignored/>
  </testcase> <!-- PV_CrimeMapping_143 -->
  <testcase classname="pv_admin.PV_CrimeMapping" name="PV_CrimeMapping_144" time="0.0">
    <ignored/>
  </testcase> <!-- PV_CrimeMapping_144 -->
  <testcase classname="pv_admin.PV_CrimeMapping" name="PV_CrimeMapping_141" time="0.0">
    <ignored/>
  </testcase> <!-- PV_CrimeMapping_141 -->
  <testcase classname="pv_admin.PV_CrimeMapping" name="PV_CrimeMapping_39" time="0.0">
    <ignored/>
  </testcase> <!-- PV_CrimeMapping_39 -->
  <testcase classname="pv_admin.PV_CrimeMapping" name="PV_CrimeMapping_140" time="0.0">
    <ignored/>
  </testcase> <!-- PV_CrimeMapping_140 -->
  <testcase classname="pv_admin.PV_CrimeMapping" name="PV_CrimeMapping_36" time="0.0">
    <ignored/>
  </testcase> <!-- PV_CrimeMapping_36 -->
  <testcase classname="pv_admin.PV_CrimeMapping" name="PV_CrimeMapping_27" time="0.0">
    <ignored/>
  </testcase> <!-- PV_CrimeMapping_27 -->
  <testcase classname="pv_admin.PV_CrimeMapping" name="PV_CrimeMapping_24" time="0.0">
    <ignored/>
  </testcase> <!-- PV_CrimeMapping_24 -->
  <testcase classname="pv_admin.PV_CrimeMapping" name="PV_CrimeMapping_21" time="0.0">
    <ignored/>
  </testcase> <!-- PV_CrimeMapping_21 -->
  <testcase classname="pv_admin.PV_CrimeMapping" name="PV_CrimeMapping_26" time="0.0">
    <ignored/>
  </testcase> <!-- PV_CrimeMapping_26 -->
  <testcase classname="pv_admin.PV_CrimeMapping" name="PV_CrimeMapping_23" time="0.0">
    <ignored/>
  </testcase> <!-- PV_CrimeMapping_23 -->
  <testcase classname="pv_admin.PV_CrimeMapping" name="PV_CrimeMapping_20" time="0.0">
    <ignored/>
  </testcase> <!-- PV_CrimeMapping_20 -->
  <testcase classname="pv_admin.PV_CrimeMapping" name="PV_CrimeMapping_22" time="0.0">
    <ignored/>
  </testcase> <!-- PV_CrimeMapping_22 -->
  <testcase classname="pv_admin.PV_CrimeMapping" name="PV_CrimeMapping_29" time="0.0">
    <ignored/>
  </testcase> <!-- PV_CrimeMapping_29 -->
  <testcase classname="pv_admin.PV_CrimeMapping" name="PV_CrimeMapping_28" time="0.0">
    <ignored/>
  </testcase> <!-- PV_CrimeMapping_28 -->
  <testcase classname="pv_admin.PV_CrimeMapping" name="PV_CrimeMapping_25" time="0.0">
    <ignored/>
  </testcase> <!-- PV_CrimeMapping_25 -->
  <testcase classname="pv_admin.PV_CrimeMapping" name="PV_CrimeMapping_16" time="0.0">
    <ignored/>
  </testcase> <!-- PV_CrimeMapping_16 -->
  <testcase classname="pv_admin.PV_CrimeMapping" name="PV_CrimeMapping_13" time="0.0">
    <ignored/>
  </testcase> <!-- PV_CrimeMapping_13 -->
  <testcase classname="pv_admin.PV_CrimeMapping" name="PV_CrimeMapping_98" time="0.0">
    <ignored/>
  </testcase> <!-- PV_CrimeMapping_98 -->
  <testcase classname="pv_admin.PV_CrimeMapping" name="PV_CrimeMapping_10" time="0.0">
    <ignored/>
  </testcase> <!-- PV_CrimeMapping_10 -->
  <testcase classname="pv_admin.PV_CrimeMapping" name="PV_CrimeMapping_15" time="0.0">
    <ignored/>
  </testcase> <!-- PV_CrimeMapping_15 -->
  <testcase classname="pv_admin.PV_CrimeMapping" name="PV_CrimeMapping_12" time="0.0">
    <ignored/>
  </testcase> <!-- PV_CrimeMapping_12 -->
  <testcase classname="pv_admin.PV_CrimeMapping" name="PV_CrimeMapping_97" time="0.0">
    <ignored/>
  </testcase> <!-- PV_CrimeMapping_97 -->
  <testcase classname="pv_admin.PV_CrimeMapping" name="PV_CrimeMapping_94" time="0.0">
    <ignored/>
  </testcase> <!-- PV_CrimeMapping_94 -->
  <testcase classname="pv_admin.PV_CrimeMapping" name="PV_CrimeMapping_11" time="0.0">
    <ignored/>
  </testcase> <!-- PV_CrimeMapping_11 -->
  <testcase classname="pv_admin.PV_CrimeMapping" name="PV_CrimeMapping_99" time="0.0">
    <ignored/>
  </testcase> <!-- PV_CrimeMapping_99 -->
  <testcase classname="pv_admin.PV_CrimeMapping" name="PV_CrimeMapping_96" time="0.0">
    <ignored/>
  </testcase> <!-- PV_CrimeMapping_96 -->
  <testcase classname="pv_admin.PV_CrimeMapping" name="PV_CrimeMapping_93" time="0.0">
    <ignored/>
  </testcase> <!-- PV_CrimeMapping_93 -->
  <testcase classname="pv_admin.PV_CrimeMapping" name="PV_CrimeMapping_90" time="0.0">
    <ignored/>
  </testcase> <!-- PV_CrimeMapping_90 -->
  <testcase classname="pv_admin.PV_CrimeMapping" name="PV_CrimeMapping_95" time="0.0">
    <ignored/>
  </testcase> <!-- PV_CrimeMapping_95 -->
  <testcase classname="pv_admin.PV_CrimeMapping" name="PV_CrimeMapping_92" time="0.0">
    <ignored/>
  </testcase> <!-- PV_CrimeMapping_92 -->
  <testcase classname="pv_admin.PV_CrimeMapping" name="PV_CrimeMapping_205" time="0.0">
    <ignored/>
  </testcase> <!-- PV_CrimeMapping_205 -->
  <testcase classname="pv_admin.PV_CrimeMapping" name="PV_CrimeMapping_208" time="0.0">
    <ignored/>
  </testcase> <!-- PV_CrimeMapping_208 -->
  <testcase classname="pv_admin.PV_CrimeMapping" name="PV_CrimeMapping_91" time="0.0">
    <ignored/>
  </testcase> <!-- PV_CrimeMapping_91 -->
  <testcase classname="pv_admin.PV_CrimeMapping" name="PV_CrimeMapping_201" time="0.0">
    <ignored/>
  </testcase> <!-- PV_CrimeMapping_201 -->
  <testcase classname="pv_admin.PV_CrimeMapping" name="PV_CrimeMapping_206" time="0.0">
    <ignored/>
  </testcase> <!-- PV_CrimeMapping_206 -->
  <testcase classname="pv_admin.PV_CrimeMapping" name="PV_CrimeMapping_207" time="0.0">
    <ignored/>
  </testcase> <!-- PV_CrimeMapping_207 -->
  <testcase classname="pv_admin.PV_CrimeMapping" name="PV_CrimeMapping_204" time="0.0">
    <ignored/>
  </testcase> <!-- PV_CrimeMapping_204 -->
  <testcase classname="pv_admin.PV_CrimeMapping" name="PV_CrimeMapping_202" time="0.0">
    <ignored/>
  </testcase> <!-- PV_CrimeMapping_202 -->
  <testcase classname="pv_admin.PV_CrimeMapping" name="PV_CrimeMapping_203" time="0.0">
    <ignored/>
  </testcase> <!-- PV_CrimeMapping_203 -->
  <testcase classname="pv_admin.PV_CrimeMapping" name="PV_CrimeMapping_200" time="0.0">
    <ignored/>
  </testcase> <!-- PV_CrimeMapping_200 -->
  <testcase classname="pv_admin.PV_CrimeMapping" name="PV_CrimeMapping_18" time="0.0">
    <ignored/>
  </testcase> <!-- PV_CrimeMapping_18 -->
  <testcase classname="pv_admin.PV_CrimeMapping" name="PV_CrimeMapping_17" time="0.0">
    <ignored/>
  </testcase> <!-- PV_CrimeMapping_17 -->
  <testcase classname="pv_admin.PV_CrimeMapping" name="PV_CrimeMapping_14" time="0.0">
    <ignored/>
  </testcase> <!-- PV_CrimeMapping_14 -->
  <testcase classname="pv_admin.PV_CrimeMapping" name="PV_CrimeMapping_19" time="0.0">
    <ignored/>
  </testcase> <!-- PV_CrimeMapping_19 -->
</testsuite> <!-- Default test -->
