<?xml version="1.0" encoding="UTF-8"?>
<!-- Generated by org.testng.reporters.JUnitXMLReporter -->
<testsuite ignored="58" hostname="QUASPC1212" failures="0" tests="2" name="PV_LandingPage" time="40.462" errors="0" timestamp="2022-02-25T15:55:29 IST">
  <testcase classname="pv_admin.PV_LandingPage" name="PV_HomePage_57" time="7.756"/>
  <testcase classname="pv_admin.PV_LandingPage" name="PV_HomePage_58" time="7.217"/>
  <testcase classname="pv_admin.PV_LandingPage" name="PV_HomePage_02" time="0.0">
    <ignored/>
  </testcase> <!-- PV_HomePage_02 -->
  <testcase classname="pv_admin.PV_LandingPage" name="PV_HomePage_46" time="0.0">
    <ignored/>
  </testcase> <!-- PV_HomePage_46 -->
  <testcase classname="pv_admin.PV_LandingPage" name="PV_HomePage_47" time="0.0">
    <ignored/>
  </testcase> <!-- PV_HomePage_47 -->
  <testcase classname="pv_admin.PV_LandingPage" name="PV_HomePage_44" time="0.0">
    <ignored/>
  </testcase> <!-- PV_HomePage_44 -->
  <testcase classname="pv_admin.PV_LandingPage" name="PV_HomePage_45" time="0.0">
    <ignored/>
  </testcase> <!-- PV_HomePage_45 -->
  <testcase classname="pv_admin.PV_LandingPage" name="PV_HomePage_06" time="0.0">
    <ignored/>
  </testcase> <!-- PV_HomePage_06 -->
  <testcase classname="pv_admin.PV_LandingPage" name="PV_HomePage_07" time="0.0">
    <ignored/>
  </testcase> <!-- PV_HomePage_07 -->
  <testcase classname="pv_admin.PV_LandingPage" name="PV_HomePage_04" time="0.0">
    <ignored/>
  </testcase> <!-- PV_HomePage_04 -->
  <testcase classname="pv_admin.PV_LandingPage" name="PV_HomePage_48" time="0.0">
    <ignored/>
  </testcase> <!-- PV_HomePage_48 -->
  <testcase classname="pv_admin.PV_LandingPage" name="PV_HomePage_05" time="0.0">
    <ignored/>
  </testcase> <!-- PV_HomePage_05 -->
  <testcase classname="pv_admin.PV_LandingPage" name="PV_HomePage_49" time="0.0">
    <ignored/>
  </testcase> <!-- PV_HomePage_49 -->
  <testcase classname="pv_admin.PV_LandingPage" name="PV_HomePage_42" time="0.0">
    <ignored/>
  </testcase> <!-- PV_HomePage_42 -->
  <testcase classname="pv_admin.PV_LandingPage" name="PV_HomePage_43" time="0.0">
    <ignored/>
  </testcase> <!-- PV_HomePage_43 -->
  <testcase classname="pv_admin.PV_LandingPage" name="PV_HomePage_40" time="0.0">
    <ignored/>
  </testcase> <!-- PV_HomePage_40 -->
  <testcase classname="pv_admin.PV_LandingPage" name="PV_HomePage_41" time="0.0">
    <ignored/>
  </testcase> <!-- PV_HomePage_41 -->
  <testcase classname="pv_admin.PV_LandingPage" name="Test_03" time="0.0">
    <ignored/>
  </testcase> <!-- Test_03 -->
  <testcase classname="pv_admin.PV_LandingPage" name="Test_35__39" time="0.0">
    <ignored/>
  </testcase> <!-- Test_35__39 -->
  <testcase classname="pv_admin.PV_LandingPage" name="PV_HomePage_11" time="0.0">
    <ignored/>
  </testcase> <!-- PV_HomePage_11 -->
  <testcase classname="pv_admin.PV_LandingPage" name="PV_HomePage_12" time="0.0">
    <ignored/>
  </testcase> <!-- PV_HomePage_12 -->
  <testcase classname="pv_admin.PV_LandingPage" name="PV_HomePage_17" time="0.0">
    <ignored/>
  </testcase> <!-- PV_HomePage_17 -->
  <testcase classname="pv_admin.PV_LandingPage" name="PV_HomePage_18" time="0.0">
    <ignored/>
  </testcase> <!-- PV_HomePage_18 -->
  <testcase classname="pv_admin.PV_LandingPage" name="PV_HomePage_15" time="0.0">
    <ignored/>
  </testcase> <!-- PV_HomePage_15 -->
  <testcase classname="pv_admin.PV_LandingPage" name="PV_HomePage_16" time="0.0">
    <ignored/>
  </testcase> <!-- PV_HomePage_16 -->
  <testcase classname="pv_admin.PV_LandingPage" name="PV_HomePage_50" time="0.0">
    <ignored/>
  </testcase> <!-- PV_HomePage_50 -->
  <testcase classname="pv_admin.PV_LandingPage" name="PV_HomePage_53" time="0.0">
    <ignored/>
  </testcase> <!-- PV_HomePage_53 -->
  <testcase classname="pv_admin.PV_LandingPage" name="PV_HomePage_10" time="0.0">
    <ignored/>
  </testcase> <!-- PV_HomePage_10 -->
  <testcase classname="pv_admin.PV_LandingPage" name="PV_HomePage_54" time="0.0">
    <ignored/>
  </testcase> <!-- PV_HomePage_54 -->
  <testcase classname="pv_admin.PV_LandingPage" name="Test_13" time="0.0">
    <ignored/>
  </testcase> <!-- Test_13 -->
  <testcase classname="pv_admin.PV_LandingPage" name="PV_HomePage_51" time="0.0">
    <ignored/>
  </testcase> <!-- PV_HomePage_51 -->
  <testcase classname="pv_admin.PV_LandingPage" name="PV_HomePage_52" time="0.0">
    <ignored/>
  </testcase> <!-- PV_HomePage_52 -->
  <testcase classname="pv_admin.PV_LandingPage" name="PV_HomePage_08" time="0.0">
    <ignored/>
  </testcase> <!-- PV_HomePage_08 -->
  <testcase classname="pv_admin.PV_LandingPage" name="PV_HomePage_09" time="0.0">
    <ignored/>
  </testcase> <!-- PV_HomePage_09 -->
  <testcase classname="pv_admin.PV_LandingPage" name="Test_22" time="0.0">
    <ignored/>
  </testcase> <!-- Test_22 -->
  <testcase classname="pv_admin.PV_LandingPage" name="PV_HomePage_24" time="0.0">
    <ignored/>
  </testcase> <!-- PV_HomePage_24 -->
  <testcase classname="pv_admin.PV_LandingPage" name="PV_HomePage_25" time="0.0">
    <ignored/>
  </testcase> <!-- PV_HomePage_25 -->
  <testcase classname="pv_admin.PV_LandingPage" name="PV_HomePage_22" time="0.0">
    <ignored/>
  </testcase> <!-- PV_HomePage_22 -->
  <testcase classname="pv_admin.PV_LandingPage" name="PV_HomePage_23" time="0.0">
    <ignored/>
  </testcase> <!-- PV_HomePage_23 -->
  <testcase classname="pv_admin.PV_LandingPage" name="PV_HomePage_28" time="0.0">
    <ignored/>
  </testcase> <!-- PV_HomePage_28 -->
  <testcase classname="pv_admin.PV_LandingPage" name="PV_HomePage_29" time="0.0">
    <ignored/>
  </testcase> <!-- PV_HomePage_29 -->
  <testcase classname="pv_admin.PV_LandingPage" name="PV_HomePage_26" time="0.0">
    <ignored/>
  </testcase> <!-- PV_HomePage_26 -->
  <testcase classname="pv_admin.PV_LandingPage" name="PV_HomePage_27" time="0.0">
    <ignored/>
  </testcase> <!-- PV_HomePage_27 -->
  <testcase classname="pv_admin.PV_LandingPage" name="Test_20" time="0.0">
    <ignored/>
  </testcase> <!-- Test_20 -->
  <testcase classname="pv_admin.PV_LandingPage" name="Test_33_34" time="0.0">
    <ignored/>
  </testcase> <!-- Test_33_34 -->
  <testcase classname="pv_admin.PV_LandingPage" name="PV_HomePage_20" time="0.0">
    <ignored/>
  </testcase> <!-- PV_HomePage_20 -->
  <testcase classname="pv_admin.PV_LandingPage" name="Test_23" time="0.0">
    <ignored/>
  </testcase> <!-- Test_23 -->
  <testcase classname="pv_admin.PV_LandingPage" name="PV_HomePage_21" time="0.0">
    <ignored/>
  </testcase> <!-- PV_HomePage_21 -->
  <testcase classname="pv_admin.PV_LandingPage" name="PV_HomePage_35" time="0.0">
    <ignored/>
  </testcase> <!-- PV_HomePage_35 -->
  <testcase classname="pv_admin.PV_LandingPage" name="PV_HomePage_36" time="0.0">
    <ignored/>
  </testcase> <!-- PV_HomePage_36 -->
  <testcase classname="pv_admin.PV_LandingPage" name="PV_HomePage_33" time="0.0">
    <ignored/>
  </testcase> <!-- PV_HomePage_33 -->
  <testcase classname="pv_admin.PV_LandingPage" name="PV_HomePage_34" time="0.0">
    <ignored/>
  </testcase> <!-- PV_HomePage_34 -->
  <testcase classname="pv_admin.PV_LandingPage" name="PV_HomePage_39" time="0.0">
    <ignored/>
  </testcase> <!-- PV_HomePage_39 -->
  <testcase classname="pv_admin.PV_LandingPage" name="PV_HomePage_37" time="0.0">
    <ignored/>
  </testcase> <!-- PV_HomePage_37 -->
  <testcase classname="pv_admin.PV_LandingPage" name="PV_HomePage_38" time="0.0">
    <ignored/>
  </testcase> <!-- PV_HomePage_38 -->
  <testcase classname="pv_admin.PV_LandingPage" name="Test_31" time="0.0">
    <ignored/>
  </testcase> <!-- Test_31 -->
  <testcase classname="pv_admin.PV_LandingPage" name="PV_HomePage_31" time="0.0">
    <ignored/>
  </testcase> <!-- PV_HomePage_31 -->
  <testcase classname="pv_admin.PV_LandingPage" name="PV_HomePage_32" time="0.0">
    <ignored/>
  </testcase> <!-- PV_HomePage_32 -->
  <testcase classname="pv_admin.PV_LandingPage" name="Test_32" time="0.0">
    <ignored/>
  </testcase> <!-- Test_32 -->
  <testcase classname="pv_admin.PV_LandingPage" name="PV_HomePage_30" time="0.0">
    <ignored/>
  </testcase> <!-- PV_HomePage_30 -->
</testsuite> <!-- PV_LandingPage -->
