<?xml version="1.0" encoding="UTF-8"?>
<!-- Generated by org.testng.reporters.JUnitXMLReporter -->
<testsuite ignored="26" hostname="QUASPC1212" failures="0" tests="1" name="PV_LayerManagement" time="27.678" errors="0" timestamp="2022-03-01T17:31:03 IST">
  <testcase classname="pv_admin.PV_LayerManagement" name="PV_LayerManagement_43" time="6.596"/>
  <testcase classname="pv_admin.PV_LayerManagement" name="PV_LayerManagement_39" time="0.0">
    <ignored/>
  </testcase> <!-- PV_LayerManagement_39 -->
  <testcase classname="pv_admin.PV_LayerManagement" name="PV_LayerManagement_38" time="0.0">
    <ignored/>
  </testcase> <!-- PV_LayerManagement_38 -->
  <testcase classname="pv_admin.PV_LayerManagement" name="PV_LayerManagement_59" time="0.0">
    <ignored/>
  </testcase> <!-- PV_LayerManagement_59 -->
  <testcase classname="pv_admin.PV_LayerManagement" name="PV_LayerManagement_51" time="0.0">
    <ignored/>
  </testcase> <!-- PV_LayerManagement_51 -->
  <testcase classname="pv_admin.PV_LayerManagement" name="PV_LayerManagement_58" time="0.0">
    <ignored/>
  </testcase> <!-- PV_LayerManagement_58 -->
  <testcase classname="pv_admin.PV_LayerManagement" name="PV_LayerManagement_57" time="0.0">
    <ignored/>
  </testcase> <!-- PV_LayerManagement_57 -->
  <testcase classname="pv_admin.PV_LayerManagement" name="PV_LayerManagement_56" time="0.0">
    <ignored/>
  </testcase> <!-- PV_LayerManagement_56 -->
  <testcase classname="pv_admin.PV_LayerManagement" name="Openurl" time="0.0">
    <ignored/>
  </testcase> <!-- Openurl -->
  <testcase classname="pv_admin.PV_LayerManagement" name="PV_LayerManagement_55" time="0.0">
    <ignored/>
  </testcase> <!-- PV_LayerManagement_55 -->
  <testcase classname="pv_admin.PV_LayerManagement" name="PV_LayerManagement_61" time="0.0">
    <ignored/>
  </testcase> <!-- PV_LayerManagement_61 -->
  <testcase classname="pv_admin.PV_LayerManagement" name="PV_LayerManagement_60" time="0.0">
    <ignored/>
  </testcase> <!-- PV_LayerManagement_60 -->
  <testcase classname="pv_admin.PV_LayerManagement" name="PV_LayerManagement_54" time="0.0">
    <ignored/>
  </testcase> <!-- PV_LayerManagement_54 -->
  <testcase classname="pv_admin.PV_LayerManagement" name="PV_LayerManagement_49" time="0.0">
    <ignored/>
  </testcase> <!-- PV_LayerManagement_49 -->
  <testcase classname="pv_admin.PV_LayerManagement" name="PV_LayerManagement_48" time="0.0">
    <ignored/>
  </testcase> <!-- PV_LayerManagement_48 -->
  <testcase classname="pv_admin.PV_LayerManagement" name="PV_LayerManagement_41" time="0.0">
    <ignored/>
  </testcase> <!-- PV_LayerManagement_41 -->
  <testcase classname="pv_admin.PV_LayerManagement" name="PV_LayerManagement_63" time="0.0">
    <ignored/>
  </testcase> <!-- PV_LayerManagement_63 -->
  <testcase classname="pv_admin.PV_LayerManagement" name="PV_LayerManagement_40" time="0.0">
    <ignored/>
  </testcase> <!-- PV_LayerManagement_40 -->
  <testcase classname="pv_admin.PV_LayerManagement" name="PV_LayerManagement_62" time="0.0">
    <ignored/>
  </testcase> <!-- PV_LayerManagement_62 -->
  <testcase classname="pv_admin.PV_LayerManagement" name="PV_LayerManagement_47" time="0.0">
    <ignored/>
  </testcase> <!-- PV_LayerManagement_47 -->
  <testcase classname="pv_admin.PV_LayerManagement" name="PV_LayerManagement_46" time="0.0">
    <ignored/>
  </testcase> <!-- PV_LayerManagement_46 -->
  <testcase classname="pv_admin.PV_LayerManagement" name="PV_LayerManagement_67" time="0.0">
    <ignored/>
  </testcase> <!-- PV_LayerManagement_67 -->
  <testcase classname="pv_admin.PV_LayerManagement" name="PV_LayerManagement_45" time="0.0">
    <ignored/>
  </testcase> <!-- PV_LayerManagement_45 -->
  <testcase classname="pv_admin.PV_LayerManagement" name="PV_LayerManagement_44" time="0.0">
    <ignored/>
  </testcase> <!-- PV_LayerManagement_44 -->
  <testcase classname="pv_admin.PV_LayerManagement" name="PV_LayerManagement_66" time="0.0">
    <ignored/>
  </testcase> <!-- PV_LayerManagement_66 -->
  <testcase classname="pv_admin.PV_LayerManagement" name="PV_LayerManagement_50" time="0.0">
    <ignored/>
  </testcase> <!-- PV_LayerManagement_50 -->
  <testcase classname="pv_admin.PV_LayerManagement" name="PV_UserManagement_42" time="0.0">
    <ignored/>
  </testcase> <!-- PV_UserManagement_42 -->
</testsuite> <!-- PV_LayerManagement -->
