<?xml version="1.0" encoding="UTF-8"?>
<!-- Generated by org.testng.reporters.JUnitXMLReporter -->
<testsuite ignored="115" hostname="QUASPC1212" failures="1" tests="1" name="PV_LayerManagement" time="28.503" errors="0" timestamp="2022-02-03T18:44:44 IST">
  <testcase classname="pv_admin.PV_LayerManagement" name="PV_LayerManagement_01" time="11.456">
    <failure type="java.lang.AssertionError" message="expected [Home1] but found [Home]">
      <![CDATA[java.lang.AssertionError: expected [Home1] but found [Home]
at pv_admin.PV_LayerManagement.PV_LayerManagement_01(PV_LayerManagement.java:97)
at java.base/java.util.ArrayList.forEach(ArrayList.java:1541)
at java.base/java.util.concurrent.FutureTask.run(FutureTask.java:264)
at java.base/java.util.concurrent.ThreadPoolExecutor.runWorker(ThreadPoolExecutor.java:1128)
at java.base/java.util.concurrent.ThreadPoolExecutor$Worker.run(ThreadPoolExecutor.java:628)
at java.base/java.lang.Thread.run(Thread.java:834)
... Removed 24 stack frames]]>
    </failure>
  </testcase> <!-- PV_LayerManagement_01 -->
  <testcase classname="pv_admin.PV_LayerManagement" name="PV_LayerManagement_59" time="0.0">
    <ignored/>
  </testcase> <!-- PV_LayerManagement_59 -->
  <testcase classname="pv_admin.PV_LayerManagement" name="PV_LayerManagement_53" time="0.0">
    <ignored/>
  </testcase> <!-- PV_LayerManagement_53 -->
  <testcase classname="pv_admin.PV_LayerManagement" name="PV_LayerManagement_52" time="0.0">
    <ignored/>
  </testcase> <!-- PV_LayerManagement_52 -->
  <testcase classname="pv_admin.PV_LayerManagement" name="PV_LayerManagement_51" time="0.0">
    <ignored/>
  </testcase> <!-- PV_LayerManagement_51 -->
  <testcase classname="pv_admin.PV_LayerManagement" name="PV_LayerManagement_58" time="0.0">
    <ignored/>
  </testcase> <!-- PV_LayerManagement_58 -->
  <testcase classname="pv_admin.PV_LayerManagement" name="PV_LayerManagement_57" time="0.0">
    <ignored/>
  </testcase> <!-- PV_LayerManagement_57 -->
  <testcase classname="pv_admin.PV_LayerManagement" name="PV_LayerManagement_56" time="0.0">
    <ignored/>
  </testcase> <!-- PV_LayerManagement_56 -->
  <testcase classname="pv_admin.PV_LayerManagement" name="PV_LayerManagement_55" time="0.0">
    <ignored/>
  </testcase> <!-- PV_LayerManagement_55 -->
  <testcase classname="pv_admin.PV_LayerManagement" name="PV_LayerManagement_61" time="0.0">
    <ignored/>
  </testcase> <!-- PV_LayerManagement_61 -->
  <testcase classname="pv_admin.PV_LayerManagement" name="PV_LayerManagement_60" time="0.0">
    <ignored/>
  </testcase> <!-- PV_LayerManagement_60 -->
  <testcase classname="pv_admin.PV_LayerManagement" name="PV_LayerManagement_54" time="0.0">
    <ignored/>
  </testcase> <!-- PV_LayerManagement_54 -->
  <testcase classname="pv_admin.PV_LayerManagement" name="PV_LayerManagement_06" time="0.0">
    <ignored/>
  </testcase> <!-- PV_LayerManagement_06 -->
  <testcase classname="pv_admin.PV_LayerManagement" name="PV_LayerManagement_04" time="0.0">
    <ignored/>
  </testcase> <!-- PV_LayerManagement_04 -->
  <testcase classname="pv_admin.PV_LayerManagement" name="PV_LayerManagement_09" time="0.0">
    <ignored/>
  </testcase> <!-- PV_LayerManagement_09 -->
  <testcase classname="pv_admin.PV_LayerManagement" name="PV_LayerManagement_08" time="0.0">
    <ignored/>
  </testcase> <!-- PV_LayerManagement_08 -->
  <testcase classname="pv_admin.PV_LayerManagement" name="PV_LayerManagement_100" time="0.0">
    <ignored/>
  </testcase> <!-- PV_LayerManagement_100 -->
  <testcase classname="pv_admin.PV_LayerManagement" name="PV_LayerManagement_86" time="0.0">
    <ignored/>
  </testcase> <!-- PV_LayerManagement_86 -->
  <testcase classname="pv_admin.PV_LayerManagement" name="PV_LayerManagement_101" time="0.0">
    <ignored/>
  </testcase> <!-- PV_LayerManagement_101 -->
  <testcase classname="pv_admin.PV_LayerManagement" name="PV_LayerManagement_85" time="0.0">
    <ignored/>
  </testcase> <!-- PV_LayerManagement_85 -->
  <testcase classname="pv_admin.PV_LayerManagement" name="PV_LayerManagement_84" time="0.0">
    <ignored/>
  </testcase> <!-- PV_LayerManagement_84 -->
  <testcase classname="pv_admin.PV_LayerManagement" name="PV_LayerManagement_03" time="0.0">
    <ignored/>
  </testcase> <!-- PV_LayerManagement_03 -->
  <testcase classname="pv_admin.PV_LayerManagement" name="PV_LayerManagement_02" time="0.0">
    <ignored/>
  </testcase> <!-- PV_LayerManagement_02 -->
  <testcase classname="pv_admin.PV_LayerManagement" name="PV_LayerManagement_89" time="0.0">
    <ignored/>
  </testcase> <!-- PV_LayerManagement_89 -->
  <testcase classname="pv_admin.PV_LayerManagement" name="PV_LayerManagement_102" time="0.0">
    <ignored/>
  </testcase> <!-- PV_LayerManagement_102 -->
  <testcase classname="pv_admin.PV_LayerManagement" name="PV_LayerManagement_88" time="0.0">
    <ignored/>
  </testcase> <!-- PV_LayerManagement_88 -->
  <testcase classname="pv_admin.PV_LayerManagement" name="PV_LayerManagement_07" time="0.0">
    <ignored/>
  </testcase> <!-- PV_LayerManagement_07 -->
  <testcase classname="pv_admin.PV_LayerManagement" name="PV_LayerManagement_108" time="0.0">
    <ignored/>
  </testcase> <!-- PV_LayerManagement_108 -->
  <testcase classname="pv_admin.PV_LayerManagement" name="PV_LayerManagement_109" time="0.0">
    <ignored/>
  </testcase> <!-- PV_LayerManagement_109 -->
  <testcase classname="pv_admin.PV_LayerManagement" name="PV_LayerManagement_107" time="0.0">
    <ignored/>
  </testcase> <!-- PV_LayerManagement_107 -->
  <testcase classname="pv_admin.PV_LayerManagement" name="PV_LayerManagement_94" time="0.0">
    <ignored/>
  </testcase> <!-- PV_LayerManagement_94 -->
  <testcase classname="pv_admin.PV_LayerManagement" name="PV_LayerManagement_104" time="0.0">
    <ignored/>
  </testcase> <!-- PV_LayerManagement_104 -->
  <testcase classname="pv_admin.PV_LayerManagement" name="PV_LayerManagement_93" time="0.0">
    <ignored/>
  </testcase> <!-- PV_LayerManagement_93 -->
  <testcase classname="pv_admin.PV_LayerManagement" name="PV_LayerManagement_105" time="0.0">
    <ignored/>
  </testcase> <!-- PV_LayerManagement_105 -->
  <testcase classname="pv_admin.PV_LayerManagement" name="PV_LayerManagement_92" time="0.0">
    <ignored/>
  </testcase> <!-- PV_LayerManagement_92 -->
  <testcase classname="pv_admin.PV_LayerManagement" name="PV_LayerManagement_91" time="0.0">
    <ignored/>
  </testcase> <!-- PV_LayerManagement_91 -->
  <testcase classname="pv_admin.PV_LayerManagement" name="PV_LayerManagement_103" time="0.0">
    <ignored/>
  </testcase> <!-- PV_LayerManagement_103 -->
  <testcase classname="pv_admin.PV_LayerManagement" name="PV_LayerManagement_87" time="0.0">
    <ignored/>
  </testcase> <!-- PV_LayerManagement_87 -->
  <testcase classname="pv_admin.PV_LayerManagement" name="PV_LayerManagement_90" time="0.0">
    <ignored/>
  </testcase> <!-- PV_LayerManagement_90 -->
  <testcase classname="pv_admin.PV_LayerManagement" name="PV_LayerManagement_75" time="0.0">
    <ignored/>
  </testcase> <!-- PV_LayerManagement_75 -->
  <testcase classname="pv_admin.PV_LayerManagement" name="PV_LayerManagement_74" time="0.0">
    <ignored/>
  </testcase> <!-- PV_LayerManagement_74 -->
  <testcase classname="pv_admin.PV_LayerManagement" name="PV_LayerManagement_73" time="0.0">
    <ignored/>
  </testcase> <!-- PV_LayerManagement_73 -->
  <testcase classname="pv_admin.PV_LayerManagement" name="PV_LayerManagement_79" time="0.0">
    <ignored/>
  </testcase> <!-- PV_LayerManagement_79 -->
  <testcase classname="pv_admin.PV_LayerManagement" name="PV_LayerManagement_78" time="0.0">
    <ignored/>
  </testcase> <!-- PV_LayerManagement_78 -->
  <testcase classname="pv_admin.PV_LayerManagement" name="Openurl" time="0.0">
    <ignored/>
  </testcase> <!-- Openurl -->
  <testcase classname="pv_admin.PV_LayerManagement" name="PV_LayerManagement_77" time="0.0">
    <ignored/>
  </testcase> <!-- PV_LayerManagement_77 -->
  <testcase classname="pv_admin.PV_LayerManagement" name="PV_LayerManagement_83" time="0.0">
    <ignored/>
  </testcase> <!-- PV_LayerManagement_83 -->
  <testcase classname="pv_admin.PV_LayerManagement" name="PV_LayerManagement_82" time="0.0">
    <ignored/>
  </testcase> <!-- PV_LayerManagement_82 -->
  <testcase classname="pv_admin.PV_LayerManagement" name="PV_LayerManagement_81" time="0.0">
    <ignored/>
  </testcase> <!-- PV_LayerManagement_81 -->
  <testcase classname="pv_admin.PV_LayerManagement" name="PV_LayerManagement_80" time="0.0">
    <ignored/>
  </testcase> <!-- PV_LayerManagement_80 -->
  <testcase classname="pv_admin.PV_LayerManagement" name="PV_LayerManagement_76" time="0.0">
    <ignored/>
  </testcase> <!-- PV_LayerManagement_76 -->
  <testcase classname="pv_admin.PV_LayerManagement" name="PV_LayerManagement_28" time="0.0">
    <ignored/>
  </testcase> <!-- PV_LayerManagement_28 -->
  <testcase classname="pv_admin.PV_LayerManagement" name="PV_LayerManagement_27" time="0.0">
    <ignored/>
  </testcase> <!-- PV_LayerManagement_27 -->
  <testcase classname="pv_admin.PV_LayerManagement" name="PV_LayerManagement_26" time="0.0">
    <ignored/>
  </testcase> <!-- PV_LayerManagement_26 -->
  <testcase classname="pv_admin.PV_LayerManagement" name="PV_LayerManagement_20" time="0.0">
    <ignored/>
  </testcase> <!-- PV_LayerManagement_20 -->
  <testcase classname="pv_admin.PV_LayerManagement" name="PV_LayerManagement_25" time="0.0">
    <ignored/>
  </testcase> <!-- PV_LayerManagement_25 -->
  <testcase classname="pv_admin.PV_LayerManagement" name="PV_LayerManagement_24" time="0.0">
    <ignored/>
  </testcase> <!-- PV_LayerManagement_24 -->
  <testcase classname="pv_admin.PV_LayerManagement" name="PV_LayerManagement_23" time="0.0">
    <ignored/>
  </testcase> <!-- PV_LayerManagement_23 -->
  <testcase classname="pv_admin.PV_LayerManagement" name="PV_LayerManagement_22" time="0.0">
    <ignored/>
  </testcase> <!-- PV_LayerManagement_22 -->
  <testcase classname="pv_admin.PV_LayerManagement" name="Afterclass" time="0.0">
    <ignored/>
  </testcase> <!-- Afterclass -->
  <testcase classname="pv_admin.PV_LayerManagement" name="PV_LayerManagement_29" time="0.0">
    <ignored/>
  </testcase> <!-- PV_LayerManagement_29 -->
  <testcase classname="pv_admin.PV_LayerManagement" name="PV_LayerManagement_21" time="0.0">
    <ignored/>
  </testcase> <!-- PV_LayerManagement_21 -->
  <testcase classname="pv_admin.PV_LayerManagement" name="PV_LayerManagement_17" time="0.0">
    <ignored/>
  </testcase> <!-- PV_LayerManagement_17 -->
  <testcase classname="pv_admin.PV_LayerManagement" name="PV_LayerManagement_16" time="0.0">
    <ignored/>
  </testcase> <!-- PV_LayerManagement_16 -->
  <testcase classname="pv_admin.PV_LayerManagement" name="PV_LayerManagement_15" time="0.0">
    <ignored/>
  </testcase> <!-- PV_LayerManagement_15 -->
  <testcase classname="pv_admin.PV_LayerManagement" name="PV_LayerManagement_19" time="0.0">
    <ignored/>
  </testcase> <!-- PV_LayerManagement_19 -->
  <testcase classname="pv_admin.PV_LayerManagement" name="PV_LayerManagement_97" time="0.0">
    <ignored/>
  </testcase> <!-- PV_LayerManagement_97 -->
  <testcase classname="pv_admin.PV_LayerManagement" name="PV_LayerManagement_96" time="0.0">
    <ignored/>
  </testcase> <!-- PV_LayerManagement_96 -->
  <testcase classname="pv_admin.PV_LayerManagement" name="PV_LayerManagement_95" time="0.0">
    <ignored/>
  </testcase> <!-- PV_LayerManagement_95 -->
  <testcase classname="pv_admin.PV_LayerManagement" name="PV_LayerManagement_14" time="0.0">
    <ignored/>
  </testcase> <!-- PV_LayerManagement_14 -->
  <testcase classname="pv_admin.PV_LayerManagement" name="PV_LayerManagement_13" time="0.0">
    <ignored/>
  </testcase> <!-- PV_LayerManagement_13 -->
  <testcase classname="pv_admin.PV_LayerManagement" name="PV_LayerManagement_12" time="0.0">
    <ignored/>
  </testcase> <!-- PV_LayerManagement_12 -->
  <testcase classname="pv_admin.PV_LayerManagement" name="PV_LayerManagement_11" time="0.0">
    <ignored/>
  </testcase> <!-- PV_LayerManagement_11 -->
  <testcase classname="pv_admin.PV_LayerManagement" name="PV_LayerManagement_99" time="0.0">
    <ignored/>
  </testcase> <!-- PV_LayerManagement_99 -->
  <testcase classname="pv_admin.PV_LayerManagement" name="PV_LayerManagement_18" time="0.0">
    <ignored/>
  </testcase> <!-- PV_LayerManagement_18 -->
  <testcase classname="pv_admin.PV_LayerManagement" name="PV_LayerManagement_10" time="0.0">
    <ignored/>
  </testcase> <!-- PV_LayerManagement_10 -->
  <testcase classname="pv_admin.PV_LayerManagement" name="PV_LayerManagement_98" time="0.0">
    <ignored/>
  </testcase> <!-- PV_LayerManagement_98 -->
  <testcase classname="pv_admin.PV_LayerManagement" name="PV_LayerManagement_49" time="0.0">
    <ignored/>
  </testcase> <!-- PV_LayerManagement_49 -->
  <testcase classname="pv_admin.PV_LayerManagement" name="PV_LayerManagement_48" time="0.0">
    <ignored/>
  </testcase> <!-- PV_LayerManagement_48 -->
  <testcase classname="pv_admin.PV_LayerManagement" name="PV_LayerManagement_42" time="0.0">
    <ignored/>
  </testcase> <!-- PV_LayerManagement_42 -->
  <testcase classname="pv_admin.PV_LayerManagement" name="PV_LayerManagement_41" time="0.0">
    <ignored/>
  </testcase> <!-- PV_LayerManagement_41 -->
  <testcase classname="pv_admin.PV_LayerManagement" name="PV_LayerManagement_40" time="0.0">
    <ignored/>
  </testcase> <!-- PV_LayerManagement_40 -->
  <testcase classname="pv_admin.PV_LayerManagement" name="PV_LayerManagement_47" time="0.0">
    <ignored/>
  </testcase> <!-- PV_LayerManagement_47 -->
  <testcase classname="pv_admin.PV_LayerManagement" name="PV_LayerManagement_46" time="0.0">
    <ignored/>
  </testcase> <!-- PV_LayerManagement_46 -->
  <testcase classname="pv_admin.PV_LayerManagement" name="PV_LayerManagement_45" time="0.0">
    <ignored/>
  </testcase> <!-- PV_LayerManagement_45 -->
  <testcase classname="pv_admin.PV_LayerManagement" name="PV_LayerManagement_44" time="0.0">
    <ignored/>
  </testcase> <!-- PV_LayerManagement_44 -->
  <testcase classname="pv_admin.PV_LayerManagement" name="PV_LayerManagement_50" time="0.0">
    <ignored/>
  </testcase> <!-- PV_LayerManagement_50 -->
  <testcase classname="pv_admin.PV_LayerManagement" name="PV_LayerManagement_43" time="0.0">
    <ignored/>
  </testcase> <!-- PV_LayerManagement_43 -->
  <testcase classname="pv_admin.PV_LayerManagement" name="PV_LayerManagement_39" time="0.0">
    <ignored/>
  </testcase> <!-- PV_LayerManagement_39 -->
  <testcase classname="pv_admin.PV_LayerManagement" name="PV_LayerManagement_38" time="0.0">
    <ignored/>
  </testcase> <!-- PV_LayerManagement_38 -->
  <testcase classname="pv_admin.PV_LayerManagement" name="PV_LayerManagement_37" time="0.0">
    <ignored/>
  </testcase> <!-- PV_LayerManagement_37 -->
  <testcase classname="pv_admin.PV_LayerManagement" name="PV_LayerManagement_31" time="0.0">
    <ignored/>
  </testcase> <!-- PV_LayerManagement_31 -->
  <testcase classname="pv_admin.PV_LayerManagement" name="PV_LayerManagement_111" time="0.0">
    <ignored/>
  </testcase> <!-- PV_LayerManagement_111 -->
  <testcase classname="pv_admin.PV_LayerManagement" name="PV_LayerManagement_30" time="0.0">
    <ignored/>
  </testcase> <!-- PV_LayerManagement_30 -->
  <testcase classname="pv_admin.PV_LayerManagement" name="PV_LayerManagement_112" time="0.0">
    <ignored/>
  </testcase> <!-- PV_LayerManagement_112 -->
  <testcase classname="pv_admin.PV_LayerManagement" name="PV_LayerManagement_106" time="0.0">
    <ignored/>
  </testcase> <!-- PV_LayerManagement_106 -->
  <testcase classname="pv_admin.PV_LayerManagement" name="PV_LayerManagement_36" time="0.0">
    <ignored/>
  </testcase> <!-- PV_LayerManagement_36 -->
  <testcase classname="pv_admin.PV_LayerManagement" name="PV_LayerManagement_110" time="0.0">
    <ignored/>
  </testcase> <!-- PV_LayerManagement_110 -->
  <testcase classname="pv_admin.PV_LayerManagement" name="PV_LayerManagement_35" time="0.0">
    <ignored/>
  </testcase> <!-- PV_LayerManagement_35 -->
  <testcase classname="pv_admin.PV_LayerManagement" name="PV_LayerManagement_34" time="0.0">
    <ignored/>
  </testcase> <!-- PV_LayerManagement_34 -->
  <testcase classname="pv_admin.PV_LayerManagement" name="PV_LayerManagement_33" time="0.0">
    <ignored/>
  </testcase> <!-- PV_LayerManagement_33 -->
  <testcase classname="pv_admin.PV_LayerManagement" name="PV_LayerManagement_113" time="0.0">
    <ignored/>
  </testcase> <!-- PV_LayerManagement_113 -->
  <testcase classname="pv_admin.PV_LayerManagement" name="PV_LayerManagement_115" time="0.0">
    <ignored/>
  </testcase> <!-- PV_LayerManagement_115 -->
  <testcase classname="pv_admin.PV_LayerManagement" name="PV_LayerManagement_116" time="0.0">
    <ignored/>
  </testcase> <!-- PV_LayerManagement_116 -->
  <testcase classname="pv_admin.PV_LayerManagement" name="PV_LayerManagement_32" time="0.0">
    <ignored/>
  </testcase> <!-- PV_LayerManagement_32 -->
  <testcase classname="pv_admin.PV_LayerManagement" name="PV_LayerManagement_114" time="0.0">
    <ignored/>
  </testcase> <!-- PV_LayerManagement_114 -->
  <testcase classname="pv_admin.PV_LayerManagement" name="setDriver" time="0.0">
    <ignored/>
  </testcase> <!-- setDriver -->
  <testcase classname="pv_admin.PV_LayerManagement" name="PV_LayerManagement_63" time="0.0">
    <ignored/>
  </testcase> <!-- PV_LayerManagement_63 -->
  <testcase classname="pv_admin.PV_LayerManagement" name="PV_LayerManagement_62" time="0.0">
    <ignored/>
  </testcase> <!-- PV_LayerManagement_62 -->
  <testcase classname="pv_admin.PV_LayerManagement" name="PV_LayerManagement_117" time="0.0">
    <ignored/>
  </testcase> <!-- PV_LayerManagement_117 -->
  <testcase classname="pv_admin.PV_LayerManagement" name="PV_LayerManagement_69" time="0.0">
    <ignored/>
  </testcase> <!-- PV_LayerManagement_69 -->
  <testcase classname="pv_admin.PV_LayerManagement" name="PV_LayerManagement_68" time="0.0">
    <ignored/>
  </testcase> <!-- PV_LayerManagement_68 -->
  <testcase classname="pv_admin.PV_LayerManagement" name="PV_LayerManagement_67" time="0.0">
    <ignored/>
  </testcase> <!-- PV_LayerManagement_67 -->
  <testcase classname="pv_admin.PV_LayerManagement" name="PV_LayerManagement_72" time="0.0">
    <ignored/>
  </testcase> <!-- PV_LayerManagement_72 -->
  <testcase classname="pv_admin.PV_LayerManagement" name="PV_LayerManagement_71" time="0.0">
    <ignored/>
  </testcase> <!-- PV_LayerManagement_71 -->
  <testcase classname="pv_admin.PV_LayerManagement" name="PV_LayerManagement_70" time="0.0">
    <ignored/>
  </testcase> <!-- PV_LayerManagement_70 -->
</testsuite> <!-- PV_LayerManagement -->
