<?xml version="1.0" encoding="UTF-8"?>
<!-- Generated by org.testng.reporters.JUnitXMLReporter -->
<testsuite ignored="77" hostname="QUASPC1212" failures="1" tests="1" name="PV_Patrollings" time="24.324" errors="0" timestamp="2022-05-11T11:03:26 IST">
  <testcase classname="pv_admin.PV_Patrollings" name="PV_Patrollings_77" time="1.48">
    <failure type="org.openqa.selenium.ElementNotInteractableException" message="Element &amp;lt;a&amp;gt; could not be scrolled into view
Build info: version: &amp;apos;3.141.59&amp;apos;, revision: &amp;apos;e82be7d358&amp;apos;, time: &amp;apos;2018-11-14T08:17:03&amp;apos;
System info: host: &amp;apos;QUASPC1212&amp;apos;, ip: &amp;apos;192.168.1.212&amp;apos;, os.name: &amp;apos;Windows 10&amp;apos;, os.arch: &amp;apos;amd64&amp;apos;, os.version: &amp;apos;10.0&amp;apos;, java.version: &amp;apos;11.0.12&amp;apos;
Driver info: org.openqa.selenium.firefox.FirefoxDriver
Capabilities {acceptInsecureCerts: true, browserName: firefox, browserVersion: 96.0.3, javascriptEnabled: true, moz:accessibilityChecks: false, moz:buildID: 20220126154723, moz:geckodriverVersion: 0.30.0, moz:headless: false, moz:processID: 20268, moz:profile: C:\Users\neha.p\AppData\Loc..., moz:shutdownTimeout: 60000, moz:useNonSpecCompliantPointerOrigin: false, moz:webdriverClick: true, pageLoadStrategy: normal, platform: WINDOWS, platformName: WINDOWS, platformVersion: 10.0, proxy: Proxy(), setWindowRect: true, strictFileInteractability: false, timeouts: {implicit: 0, pageLoad: 300000, script: 30000}, unhandledPromptBehavior: dismiss and notify}
Session ID: cab52ae4-f2c5-41a5-a252-fd3b79389fc2">
      <![CDATA[org.openqa.selenium.ElementNotInteractableException: Element <a> could not be scrolled into view
Build info: version: '3.141.59', revision: 'e82be7d358', time: '2018-11-14T08:17:03'
System info: host: 'QUASPC1212', ip: '192.168.1.212', os.name: 'Windows 10', os.arch: 'amd64', os.version: '10.0', java.version: '11.0.12'
Driver info: org.openqa.selenium.firefox.FirefoxDriver
Capabilities {acceptInsecureCerts: true, browserName: firefox, browserVersion: 96.0.3, javascriptEnabled: true, moz:accessibilityChecks: false, moz:buildID: 20220126154723, moz:geckodriverVersion: 0.30.0, moz:headless: false, moz:processID: 20268, moz:profile: C:\Users\neha.p\AppData\Loc..., moz:shutdownTimeout: 60000, moz:useNonSpecCompliantPointerOrigin: false, moz:webdriverClick: true, pageLoadStrategy: normal, platform: WINDOWS, platformName: WINDOWS, platformVersion: 10.0, proxy: Proxy(), setWindowRect: true, strictFileInteractability: false, timeouts: {implicit: 0, pageLoad: 300000, script: 30000}, unhandledPromptBehavior: dismiss and notify}
Session ID: cab52ae4-f2c5-41a5-a252-fd3b79389fc2
at org.openqa.selenium.remote.http.W3CHttpResponseCodec.createException(W3CHttpResponseCodec.java:187)
at org.openqa.selenium.remote.http.W3CHttpResponseCodec.decode(W3CHttpResponseCodec.java:122)
at org.openqa.selenium.remote.http.W3CHttpResponseCodec.decode(W3CHttpResponseCodec.java:49)
at org.openqa.selenium.remote.HttpCommandExecutor.execute(HttpCommandExecutor.java:158)
at org.openqa.selenium.remote.service.DriverCommandExecutor.execute(DriverCommandExecutor.java:83)
at org.openqa.selenium.remote.RemoteWebDriver.execute(RemoteWebDriver.java:552)
at org.openqa.selenium.remote.RemoteWebElement.execute(RemoteWebElement.java:285)
at org.openqa.selenium.remote.RemoteWebElement.click(RemoteWebElement.java:84)
at pv_admin.PV_Patrollings.PV_Patrollings_77(PV_Patrollings.java:2909)
at java.base/java.util.ArrayList.forEach(ArrayList.java:1541)
at java.base/java.util.concurrent.FutureTask.run(FutureTask.java:264)
at java.base/java.util.concurrent.ThreadPoolExecutor.runWorker(ThreadPoolExecutor.java:1128)
at java.base/java.util.concurrent.ThreadPoolExecutor$Worker.run(ThreadPoolExecutor.java:628)
at java.base/java.lang.Thread.run(Thread.java:834)
... Removed 22 stack frames]]>
    </failure>
  </testcase> <!-- PV_Patrollings_77 -->
  <testcase classname="pv_admin.PV_Patrollings" name="PV_Patrollings_30" time="0.0">
    <ignored/>
  </testcase> <!-- PV_Patrollings_30 -->
  <testcase classname="pv_admin.PV_Patrollings" name="PV_Patrollings_74" time="0.0">
    <ignored/>
  </testcase> <!-- PV_Patrollings_74 -->
  <testcase classname="pv_admin.PV_Patrollings" name="PV_Patrollings_73" time="0.0">
    <ignored/>
  </testcase> <!-- PV_Patrollings_73 -->
  <testcase classname="pv_admin.PV_Patrollings" name="PV_Patrollings_72" time="0.0">
    <ignored/>
  </testcase> <!-- PV_Patrollings_72 -->
  <testcase classname="pv_admin.PV_Patrollings" name="PV_Patrollings_71" time="0.0">
    <ignored/>
  </testcase> <!-- PV_Patrollings_71 -->
  <testcase classname="pv_admin.PV_Patrollings" name="PV_Patrollings_34" time="0.0">
    <ignored/>
  </testcase> <!-- PV_Patrollings_34 -->
  <testcase classname="pv_admin.PV_Patrollings" name="PV_Patrollings_33" time="0.0">
    <ignored/>
  </testcase> <!-- PV_Patrollings_33 -->
  <testcase classname="pv_admin.PV_Patrollings" name="PV_Patrollings_32" time="0.0">
    <ignored/>
  </testcase> <!-- PV_Patrollings_32 -->
  <testcase classname="pv_admin.PV_Patrollings" name="PV_Patrollings_76" time="0.0">
    <ignored/>
  </testcase> <!-- PV_Patrollings_76 -->
  <testcase classname="pv_admin.PV_Patrollings" name="PV_Patrollings_31" time="0.0">
    <ignored/>
  </testcase> <!-- PV_Patrollings_31 -->
  <testcase classname="pv_admin.PV_Patrollings" name="PV_Patrollings_75" time="0.0">
    <ignored/>
  </testcase> <!-- PV_Patrollings_75 -->
  <testcase classname="pv_admin.PV_Patrollings" name="PV_Patrollings_38" time="0.0">
    <ignored/>
  </testcase> <!-- PV_Patrollings_38 -->
  <testcase classname="pv_admin.PV_Patrollings" name="PV_Patrollings_37" time="0.0">
    <ignored/>
  </testcase> <!-- PV_Patrollings_37 -->
  <testcase classname="pv_admin.PV_Patrollings" name="PV_Patrollings_36" time="0.0">
    <ignored/>
  </testcase> <!-- PV_Patrollings_36 -->
  <testcase classname="pv_admin.PV_Patrollings" name="PV_Patrollings_35" time="0.0">
    <ignored/>
  </testcase> <!-- PV_Patrollings_35 -->
  <testcase classname="pv_admin.PV_Patrollings" name="Openurl" time="0.0">
    <ignored/>
  </testcase> <!-- Openurl -->
  <testcase classname="pv_admin.PV_Patrollings" name="PV_Patrollings_39" time="0.0">
    <ignored/>
  </testcase> <!-- PV_Patrollings_39 -->
  <testcase classname="pv_admin.PV_Patrollings" name="PV_Patrollings_70" time="0.0">
    <ignored/>
  </testcase> <!-- PV_Patrollings_70 -->
  <testcase classname="pv_admin.PV_Patrollings" name="PV_Patrollings_41" time="0.0">
    <ignored/>
  </testcase> <!-- PV_Patrollings_41 -->
  <testcase classname="pv_admin.PV_Patrollings" name="PV_Patrollings_40" time="0.0">
    <ignored/>
  </testcase> <!-- PV_Patrollings_40 -->
  <testcase classname="pv_admin.PV_Patrollings" name="PV_Patrollings_01" time="0.0">
    <ignored/>
  </testcase> <!-- PV_Patrollings_01 -->
  <testcase classname="pv_admin.PV_Patrollings" name="PV_Patrollings_45" time="0.0">
    <ignored/>
  </testcase> <!-- PV_Patrollings_45 -->
  <testcase classname="pv_admin.PV_Patrollings" name="PV_Patrollings_44" time="0.0">
    <ignored/>
  </testcase> <!-- PV_Patrollings_44 -->
  <testcase classname="pv_admin.PV_Patrollings" name="PV_Patrollings_43" time="0.0">
    <ignored/>
  </testcase> <!-- PV_Patrollings_43 -->
  <testcase classname="pv_admin.PV_Patrollings" name="PV_Patrollings_42" time="0.0">
    <ignored/>
  </testcase> <!-- PV_Patrollings_42 -->
  <testcase classname="pv_admin.PV_Patrollings" name="PV_Patrollings_05" time="0.0">
    <ignored/>
  </testcase> <!-- PV_Patrollings_05 -->
  <testcase classname="pv_admin.PV_Patrollings" name="PV_Patrollings_49" time="0.0">
    <ignored/>
  </testcase> <!-- PV_Patrollings_49 -->
  <testcase classname="pv_admin.PV_Patrollings" name="PV_Patrollings_04" time="0.0">
    <ignored/>
  </testcase> <!-- PV_Patrollings_04 -->
  <testcase classname="pv_admin.PV_Patrollings" name="PV_Patrollings_48" time="0.0">
    <ignored/>
  </testcase> <!-- PV_Patrollings_48 -->
  <testcase classname="pv_admin.PV_Patrollings" name="PV_Patrollings_03" time="0.0">
    <ignored/>
  </testcase> <!-- PV_Patrollings_03 -->
  <testcase classname="pv_admin.PV_Patrollings" name="PV_Patrollings_47" time="0.0">
    <ignored/>
  </testcase> <!-- PV_Patrollings_47 -->
  <testcase classname="pv_admin.PV_Patrollings" name="PV_Patrollings_02" time="0.0">
    <ignored/>
  </testcase> <!-- PV_Patrollings_02 -->
  <testcase classname="pv_admin.PV_Patrollings" name="PV_Patrollings_46" time="0.0">
    <ignored/>
  </testcase> <!-- PV_Patrollings_46 -->
  <testcase classname="pv_admin.PV_Patrollings" name="PV_Patrollings_08" time="0.0">
    <ignored/>
  </testcase> <!-- PV_Patrollings_08 -->
  <testcase classname="pv_admin.PV_Patrollings" name="PV_Patrollings_07" time="0.0">
    <ignored/>
  </testcase> <!-- PV_Patrollings_07 -->
  <testcase classname="pv_admin.PV_Patrollings" name="PV_Patrollings_06" time="0.0">
    <ignored/>
  </testcase> <!-- PV_Patrollings_06 -->
  <testcase classname="pv_admin.PV_Patrollings" name="PV_Patrollings_52" time="0.0">
    <ignored/>
  </testcase> <!-- PV_Patrollings_52 -->
  <testcase classname="pv_admin.PV_Patrollings" name="PV_Patrollings_51" time="0.0">
    <ignored/>
  </testcase> <!-- PV_Patrollings_51 -->
  <testcase classname="pv_admin.PV_Patrollings" name="PV_Patrollings_50" time="0.0">
    <ignored/>
  </testcase> <!-- PV_Patrollings_50 -->
  <testcase classname="pv_admin.PV_Patrollings" name="PV_Patrollings_12" time="0.0">
    <ignored/>
  </testcase> <!-- PV_Patrollings_12 -->
  <testcase classname="pv_admin.PV_Patrollings" name="PV_Patrollings_56" time="0.0">
    <ignored/>
  </testcase> <!-- PV_Patrollings_56 -->
  <testcase classname="pv_admin.PV_Patrollings" name="PV_Patrollings_11" time="0.0">
    <ignored/>
  </testcase> <!-- PV_Patrollings_11 -->
  <testcase classname="pv_admin.PV_Patrollings" name="PV_Patrollings_55" time="0.0">
    <ignored/>
  </testcase> <!-- PV_Patrollings_55 -->
  <testcase classname="pv_admin.PV_Patrollings" name="PV_Patrollings_10" time="0.0">
    <ignored/>
  </testcase> <!-- PV_Patrollings_10 -->
  <testcase classname="pv_admin.PV_Patrollings" name="PV_Patrollings_54" time="0.0">
    <ignored/>
  </testcase> <!-- PV_Patrollings_54 -->
  <testcase classname="pv_admin.PV_Patrollings" name="PV_Patrollings_53" time="0.0">
    <ignored/>
  </testcase> <!-- PV_Patrollings_53 -->
  <testcase classname="pv_admin.PV_Patrollings" name="PV_Patrollings_16" time="0.0">
    <ignored/>
  </testcase> <!-- PV_Patrollings_16 -->
  <testcase classname="pv_admin.PV_Patrollings" name="PV_Patrollings_15" time="0.0">
    <ignored/>
  </testcase> <!-- PV_Patrollings_15 -->
  <testcase classname="pv_admin.PV_Patrollings" name="PV_Patrollings_59" time="0.0">
    <ignored/>
  </testcase> <!-- PV_Patrollings_59 -->
  <testcase classname="pv_admin.PV_Patrollings" name="PV_Patrollings_14" time="0.0">
    <ignored/>
  </testcase> <!-- PV_Patrollings_14 -->
  <testcase classname="pv_admin.PV_Patrollings" name="PV_Patrollings_58" time="0.0">
    <ignored/>
  </testcase> <!-- PV_Patrollings_58 -->
  <testcase classname="pv_admin.PV_Patrollings" name="PV_Patrollings_13" time="0.0">
    <ignored/>
  </testcase> <!-- PV_Patrollings_13 -->
  <testcase classname="pv_admin.PV_Patrollings" name="PV_Patrollings_57" time="0.0">
    <ignored/>
  </testcase> <!-- PV_Patrollings_57 -->
  <testcase classname="pv_admin.PV_Patrollings" name="PV_Patrollings_09" time="0.0">
    <ignored/>
  </testcase> <!-- PV_Patrollings_09 -->
  <testcase classname="pv_admin.PV_Patrollings" name="PV_Patrollings_19" time="0.0">
    <ignored/>
  </testcase> <!-- PV_Patrollings_19 -->
  <testcase classname="pv_admin.PV_Patrollings" name="PV_Patrollings_18" time="0.0">
    <ignored/>
  </testcase> <!-- PV_Patrollings_18 -->
  <testcase classname="pv_admin.PV_Patrollings" name="PV_Patrollings_17" time="0.0">
    <ignored/>
  </testcase> <!-- PV_Patrollings_17 -->
  <testcase classname="pv_admin.PV_Patrollings" name="PV_Patrollings_63" time="0.0">
    <ignored/>
  </testcase> <!-- PV_Patrollings_63 -->
  <testcase classname="pv_admin.PV_Patrollings" name="PV_Patrollings_62" time="0.0">
    <ignored/>
  </testcase> <!-- PV_Patrollings_62 -->
  <testcase classname="pv_admin.PV_Patrollings" name="PV_Patrollings_61" time="0.0">
    <ignored/>
  </testcase> <!-- PV_Patrollings_61 -->
  <testcase classname="pv_admin.PV_Patrollings" name="PV_Patrollings_60" time="0.0">
    <ignored/>
  </testcase> <!-- PV_Patrollings_60 -->
  <testcase classname="pv_admin.PV_Patrollings" name="PV_Patrollings_23" time="0.0">
    <ignored/>
  </testcase> <!-- PV_Patrollings_23 -->
  <testcase classname="pv_admin.PV_Patrollings" name="PV_Patrollings_67" time="0.0">
    <ignored/>
  </testcase> <!-- PV_Patrollings_67 -->
  <testcase classname="pv_admin.PV_Patrollings" name="PV_Patrollings_66" time="0.0">
    <ignored/>
  </testcase> <!-- PV_Patrollings_66 -->
  <testcase classname="pv_admin.PV_Patrollings" name="PV_Patrollings_22" time="0.0">
    <ignored/>
  </testcase> <!-- PV_Patrollings_22 -->
  <testcase classname="pv_admin.PV_Patrollings" name="PV_Patrollings_21" time="0.0">
    <ignored/>
  </testcase> <!-- PV_Patrollings_21 -->
  <testcase classname="pv_admin.PV_Patrollings" name="PV_Patrollings_65" time="0.0">
    <ignored/>
  </testcase> <!-- PV_Patrollings_65 -->
  <testcase classname="pv_admin.PV_Patrollings" name="PV_Patrollings_20" time="0.0">
    <ignored/>
  </testcase> <!-- PV_Patrollings_20 -->
  <testcase classname="pv_admin.PV_Patrollings" name="PV_Patrollings_64" time="0.0">
    <ignored/>
  </testcase> <!-- PV_Patrollings_64 -->
  <testcase classname="pv_admin.PV_Patrollings" name="PV_Patrollings_27" time="0.0">
    <ignored/>
  </testcase> <!-- PV_Patrollings_27 -->
  <testcase classname="pv_admin.PV_Patrollings" name="PV_Patrollings_26" time="0.0">
    <ignored/>
  </testcase> <!-- PV_Patrollings_26 -->
  <testcase classname="pv_admin.PV_Patrollings" name="PV_Patrollings_25" time="0.0">
    <ignored/>
  </testcase> <!-- PV_Patrollings_25 -->
  <testcase classname="pv_admin.PV_Patrollings" name="PV_Patrollings_69" time="0.0">
    <ignored/>
  </testcase> <!-- PV_Patrollings_69 -->
  <testcase classname="pv_admin.PV_Patrollings" name="PV_Patrollings_24" time="0.0">
    <ignored/>
  </testcase> <!-- PV_Patrollings_24 -->
  <testcase classname="pv_admin.PV_Patrollings" name="PV_Patrollings_68" time="0.0">
    <ignored/>
  </testcase> <!-- PV_Patrollings_68 -->
  <testcase classname="pv_admin.PV_Patrollings" name="PV_Patrollings_29" time="0.0">
    <ignored/>
  </testcase> <!-- PV_Patrollings_29 -->
  <testcase classname="pv_admin.PV_Patrollings" name="PV_Patrollings_28" time="0.0">
    <ignored/>
  </testcase> <!-- PV_Patrollings_28 -->
</testsuite> <!-- PV_Patrollings -->
