<?xml version="1.0" encoding="UTF-8"?>
<!-- Generated by org.testng.reporters.JUnitXMLReporter -->
<testsuite ignored="66" hostname="QUASPC1212" failures="0" tests="1" name="PV_Patrollings" time="79.736" errors="0" timestamp="2022-05-10T12:35:52 IST">
  <testcase classname="pv_admin.PV_Patrollings" name="PV_Patrollings_64" time="56.962"/>
  <testcase classname="pv_admin.PV_Patrollings" name="PV_Patrollings_30" time="0.0">
    <ignored/>
  </testcase> <!-- PV_Patrollings_30 -->
  <testcase classname="pv_admin.PV_Patrollings" name="PV_Patrollings_34" time="0.0">
    <ignored/>
  </testcase> <!-- PV_Patrollings_34 -->
  <testcase classname="pv_admin.PV_Patrollings" name="PV_Patrollings_33" time="0.0">
    <ignored/>
  </testcase> <!-- PV_Patrollings_33 -->
  <testcase classname="pv_admin.PV_Patrollings" name="PV_Patrollings_32" time="0.0">
    <ignored/>
  </testcase> <!-- PV_Patrollings_32 -->
  <testcase classname="pv_admin.PV_Patrollings" name="PV_Patrollings_31" time="0.0">
    <ignored/>
  </testcase> <!-- PV_Patrollings_31 -->
  <testcase classname="pv_admin.PV_Patrollings" name="PV_Patrollings_38" time="0.0">
    <ignored/>
  </testcase> <!-- PV_Patrollings_38 -->
  <testcase classname="pv_admin.PV_Patrollings" name="PV_Patrollings_37" time="0.0">
    <ignored/>
  </testcase> <!-- PV_Patrollings_37 -->
  <testcase classname="pv_admin.PV_Patrollings" name="PV_Patrollings_36" time="0.0">
    <ignored/>
  </testcase> <!-- PV_Patrollings_36 -->
  <testcase classname="pv_admin.PV_Patrollings" name="PV_Patrollings_35" time="0.0">
    <ignored/>
  </testcase> <!-- PV_Patrollings_35 -->
  <testcase classname="pv_admin.PV_Patrollings" name="Openurl" time="0.0">
    <ignored/>
  </testcase> <!-- Openurl -->
  <testcase classname="pv_admin.PV_Patrollings" name="PV_Patrollings_39" time="0.0">
    <ignored/>
  </testcase> <!-- PV_Patrollings_39 -->
  <testcase classname="pv_admin.PV_Patrollings" name="PV_Patrollings_41" time="0.0">
    <ignored/>
  </testcase> <!-- PV_Patrollings_41 -->
  <testcase classname="pv_admin.PV_Patrollings" name="PV_Patrollings_40" time="0.0">
    <ignored/>
  </testcase> <!-- PV_Patrollings_40 -->
  <testcase classname="pv_admin.PV_Patrollings" name="PV_Patrollings_01" time="0.0">
    <ignored/>
  </testcase> <!-- PV_Patrollings_01 -->
  <testcase classname="pv_admin.PV_Patrollings" name="PV_Patrollings_45" time="0.0">
    <ignored/>
  </testcase> <!-- PV_Patrollings_45 -->
  <testcase classname="pv_admin.PV_Patrollings" name="PV_Patrollings_44" time="0.0">
    <ignored/>
  </testcase> <!-- PV_Patrollings_44 -->
  <testcase classname="pv_admin.PV_Patrollings" name="PV_Patrollings_43" time="0.0">
    <ignored/>
  </testcase> <!-- PV_Patrollings_43 -->
  <testcase classname="pv_admin.PV_Patrollings" name="PV_Patrollings_42" time="0.0">
    <ignored/>
  </testcase> <!-- PV_Patrollings_42 -->
  <testcase classname="pv_admin.PV_Patrollings" name="PV_Patrollings_05" time="0.0">
    <ignored/>
  </testcase> <!-- PV_Patrollings_05 -->
  <testcase classname="pv_admin.PV_Patrollings" name="PV_Patrollings_49" time="0.0">
    <ignored/>
  </testcase> <!-- PV_Patrollings_49 -->
  <testcase classname="pv_admin.PV_Patrollings" name="PV_Patrollings_04" time="0.0">
    <ignored/>
  </testcase> <!-- PV_Patrollings_04 -->
  <testcase classname="pv_admin.PV_Patrollings" name="PV_Patrollings_48" time="0.0">
    <ignored/>
  </testcase> <!-- PV_Patrollings_48 -->
  <testcase classname="pv_admin.PV_Patrollings" name="PV_Patrollings_03" time="0.0">
    <ignored/>
  </testcase> <!-- PV_Patrollings_03 -->
  <testcase classname="pv_admin.PV_Patrollings" name="PV_Patrollings_47" time="0.0">
    <ignored/>
  </testcase> <!-- PV_Patrollings_47 -->
  <testcase classname="pv_admin.PV_Patrollings" name="PV_Patrollings_02" time="0.0">
    <ignored/>
  </testcase> <!-- PV_Patrollings_02 -->
  <testcase classname="pv_admin.PV_Patrollings" name="PV_Patrollings_46" time="0.0">
    <ignored/>
  </testcase> <!-- PV_Patrollings_46 -->
  <testcase classname="pv_admin.PV_Patrollings" name="PV_Patrollings_08" time="0.0">
    <ignored/>
  </testcase> <!-- PV_Patrollings_08 -->
  <testcase classname="pv_admin.PV_Patrollings" name="PV_Patrollings_07" time="0.0">
    <ignored/>
  </testcase> <!-- PV_Patrollings_07 -->
  <testcase classname="pv_admin.PV_Patrollings" name="PV_Patrollings_06" time="0.0">
    <ignored/>
  </testcase> <!-- PV_Patrollings_06 -->
  <testcase classname="pv_admin.PV_Patrollings" name="PV_Patrollings_52" time="0.0">
    <ignored/>
  </testcase> <!-- PV_Patrollings_52 -->
  <testcase classname="pv_admin.PV_Patrollings" name="PV_Patrollings_51" time="0.0">
    <ignored/>
  </testcase> <!-- PV_Patrollings_51 -->
  <testcase classname="pv_admin.PV_Patrollings" name="PV_Patrollings_50" time="0.0">
    <ignored/>
  </testcase> <!-- PV_Patrollings_50 -->
  <testcase classname="pv_admin.PV_Patrollings" name="PV_Patrollings_12" time="0.0">
    <ignored/>
  </testcase> <!-- PV_Patrollings_12 -->
  <testcase classname="pv_admin.PV_Patrollings" name="PV_Patrollings_56" time="0.0">
    <ignored/>
  </testcase> <!-- PV_Patrollings_56 -->
  <testcase classname="pv_admin.PV_Patrollings" name="PV_Patrollings_11" time="0.0">
    <ignored/>
  </testcase> <!-- PV_Patrollings_11 -->
  <testcase classname="pv_admin.PV_Patrollings" name="PV_Patrollings_55" time="0.0">
    <ignored/>
  </testcase> <!-- PV_Patrollings_55 -->
  <testcase classname="pv_admin.PV_Patrollings" name="PV_Patrollings_10" time="0.0">
    <ignored/>
  </testcase> <!-- PV_Patrollings_10 -->
  <testcase classname="pv_admin.PV_Patrollings" name="PV_Patrollings_54" time="0.0">
    <ignored/>
  </testcase> <!-- PV_Patrollings_54 -->
  <testcase classname="pv_admin.PV_Patrollings" name="PV_Patrollings_53" time="0.0">
    <ignored/>
  </testcase> <!-- PV_Patrollings_53 -->
  <testcase classname="pv_admin.PV_Patrollings" name="PV_Patrollings_16" time="0.0">
    <ignored/>
  </testcase> <!-- PV_Patrollings_16 -->
  <testcase classname="pv_admin.PV_Patrollings" name="PV_Patrollings_15" time="0.0">
    <ignored/>
  </testcase> <!-- PV_Patrollings_15 -->
  <testcase classname="pv_admin.PV_Patrollings" name="PV_Patrollings_59" time="0.0">
    <ignored/>
  </testcase> <!-- PV_Patrollings_59 -->
  <testcase classname="pv_admin.PV_Patrollings" name="PV_Patrollings_14" time="0.0">
    <ignored/>
  </testcase> <!-- PV_Patrollings_14 -->
  <testcase classname="pv_admin.PV_Patrollings" name="PV_Patrollings_58" time="0.0">
    <ignored/>
  </testcase> <!-- PV_Patrollings_58 -->
  <testcase classname="pv_admin.PV_Patrollings" name="PV_Patrollings_13" time="0.0">
    <ignored/>
  </testcase> <!-- PV_Patrollings_13 -->
  <testcase classname="pv_admin.PV_Patrollings" name="PV_Patrollings_57" time="0.0">
    <ignored/>
  </testcase> <!-- PV_Patrollings_57 -->
  <testcase classname="pv_admin.PV_Patrollings" name="PV_Patrollings_09" time="0.0">
    <ignored/>
  </testcase> <!-- PV_Patrollings_09 -->
  <testcase classname="pv_admin.PV_Patrollings" name="PV_Patrollings_19" time="0.0">
    <ignored/>
  </testcase> <!-- PV_Patrollings_19 -->
  <testcase classname="pv_admin.PV_Patrollings" name="PV_Patrollings_18" time="0.0">
    <ignored/>
  </testcase> <!-- PV_Patrollings_18 -->
  <testcase classname="pv_admin.PV_Patrollings" name="PV_Patrollings_17" time="0.0">
    <ignored/>
  </testcase> <!-- PV_Patrollings_17 -->
  <testcase classname="pv_admin.PV_Patrollings" name="PV_Patrollings_63" time="0.0">
    <ignored/>
  </testcase> <!-- PV_Patrollings_63 -->
  <testcase classname="pv_admin.PV_Patrollings" name="PV_Patrollings_62" time="0.0">
    <ignored/>
  </testcase> <!-- PV_Patrollings_62 -->
  <testcase classname="pv_admin.PV_Patrollings" name="PV_Patrollings_61" time="0.0">
    <ignored/>
  </testcase> <!-- PV_Patrollings_61 -->
  <testcase classname="pv_admin.PV_Patrollings" name="PV_Patrollings_60" time="0.0">
    <ignored/>
  </testcase> <!-- PV_Patrollings_60 -->
  <testcase classname="pv_admin.PV_Patrollings" name="PV_Patrollings_23" time="0.0">
    <ignored/>
  </testcase> <!-- PV_Patrollings_23 -->
  <testcase classname="pv_admin.PV_Patrollings" name="PV_Patrollings_66" time="0.0">
    <ignored/>
  </testcase> <!-- PV_Patrollings_66 -->
  <testcase classname="pv_admin.PV_Patrollings" name="PV_Patrollings_22" time="0.0">
    <ignored/>
  </testcase> <!-- PV_Patrollings_22 -->
  <testcase classname="pv_admin.PV_Patrollings" name="PV_Patrollings_21" time="0.0">
    <ignored/>
  </testcase> <!-- PV_Patrollings_21 -->
  <testcase classname="pv_admin.PV_Patrollings" name="PV_Patrollings_65" time="0.0">
    <ignored/>
  </testcase> <!-- PV_Patrollings_65 -->
  <testcase classname="pv_admin.PV_Patrollings" name="PV_Patrollings_20" time="0.0">
    <ignored/>
  </testcase> <!-- PV_Patrollings_20 -->
  <testcase classname="pv_admin.PV_Patrollings" name="PV_Patrollings_27" time="0.0">
    <ignored/>
  </testcase> <!-- PV_Patrollings_27 -->
  <testcase classname="pv_admin.PV_Patrollings" name="PV_Patrollings_26" time="0.0">
    <ignored/>
  </testcase> <!-- PV_Patrollings_26 -->
  <testcase classname="pv_admin.PV_Patrollings" name="PV_Patrollings_25" time="0.0">
    <ignored/>
  </testcase> <!-- PV_Patrollings_25 -->
  <testcase classname="pv_admin.PV_Patrollings" name="PV_Patrollings_24" time="0.0">
    <ignored/>
  </testcase> <!-- PV_Patrollings_24 -->
  <testcase classname="pv_admin.PV_Patrollings" name="PV_Patrollings_29" time="0.0">
    <ignored/>
  </testcase> <!-- PV_Patrollings_29 -->
  <testcase classname="pv_admin.PV_Patrollings" name="PV_Patrollings_28" time="0.0">
    <ignored/>
  </testcase> <!-- PV_Patrollings_28 -->
</testsuite> <!-- PV_Patrollings -->
