<?xml version="1.0" encoding="UTF-8"?>
<!-- Generated by org.testng.reporters.JUnitXMLReporter -->
<testsuite ignored="8" hostname="QUASPC1212" failures="0" tests="3" name="PV_Registration" time="51.099" errors="0" timestamp="2022-01-28T09:21:02 IST">
  <testcase classname="pv_admin.PV_Registration" name="PV_Registration_2" time="7.754"/>
  <testcase classname="pv_admin.PV_Registration" name="PV_Registration_3" time="9.999"/>
  <testcase classname="pv_admin.PV_Registration" name="PV_Registration_4" time="7.026"/>
  <testcase classname="pv_admin.PV_Registration" name="PV_Registration_7" time="0.0">
    <ignored/>
  </testcase> <!-- PV_Registration_7 -->
  <testcase classname="pv_admin.PV_Registration" name="PV_Registration_1" time="0.0">
    <ignored/>
  </testcase> <!-- PV_Registration_1 -->
  <testcase classname="pv_admin.PV_Registration" name="PV_Registration_10" time="0.0">
    <ignored/>
  </testcase> <!-- PV_Registration_10 -->
  <testcase classname="pv_admin.PV_Registration" name="PV_Registration_6" time="0.0">
    <ignored/>
  </testcase> <!-- PV_Registration_6 -->
  <testcase classname="pv_admin.PV_Registration" name="PV_Registration_5" time="0.0">
    <ignored/>
  </testcase> <!-- PV_Registration_5 -->
  <testcase classname="pv_admin.PV_Registration" name="PV_Registration_8" time="0.0">
    <ignored/>
  </testcase> <!-- PV_Registration_8 -->
  <testcase classname="pv_admin.PV_Registration" name="PV_Registration_11" time="0.0">
    <ignored/>
  </testcase> <!-- PV_Registration_11 -->
  <testcase classname="pv_admin.PV_Registration" name="PV_Registration_9" time="0.0">
    <ignored/>
  </testcase> <!-- PV_Registration_9 -->
</testsuite> <!-- PV_Registration -->
