<?xml version="1.0" encoding="UTF-8"?>
<!-- Generated by org.testng.reporters.JUnitXMLReporter -->
<testsuite ignored="210" hostname="QUASPC1212" failures="0" tests="1" name="PV_UserManagement" time="38.804" errors="0" timestamp="2022-04-11T15:36:19 IST">
  <testcase classname="pv_admin.PV_UserManagement" name="PV_UserManagement_173" time="14.192"/>
  <testcase classname="pv_admin.PV_UserManagement" name="PV_UserManagement_59" time="0.0">
    <ignored/>
  </testcase> <!-- PV_UserManagement_59 -->
  <testcase classname="pv_admin.PV_UserManagement" name="PV_UserManagement_58" time="0.0">
    <ignored/>
  </testcase> <!-- PV_UserManagement_58 -->
  <testcase classname="pv_admin.PV_UserManagement" name="PV_UserManagement_55" time="0.0">
    <ignored/>
  </testcase> <!-- PV_UserManagement_55 -->
  <testcase classname="pv_admin.PV_UserManagement" name="PV_UserManagement_54" time="0.0">
    <ignored/>
  </testcase> <!-- PV_UserManagement_54 -->
  <testcase classname="pv_admin.PV_UserManagement" name="PV_UserManagement_53" time="0.0">
    <ignored/>
  </testcase> <!-- PV_UserManagement_53 -->
  <testcase classname="pv_admin.PV_UserManagement" name="PV_UserManagement_52" time="0.0">
    <ignored/>
  </testcase> <!-- PV_UserManagement_52 -->
  <testcase classname="pv_admin.PV_UserManagement" name="PV_UserManagement_51" time="0.0">
    <ignored/>
  </testcase> <!-- PV_UserManagement_51 -->
  <testcase classname="pv_admin.PV_UserManagement" name="PV_UserManagement_50" time="0.0">
    <ignored/>
  </testcase> <!-- PV_UserManagement_50 -->
  <testcase classname="pv_admin.PV_UserManagement" name="PV_UserManagement_28" time="0.0">
    <ignored/>
  </testcase> <!-- PV_UserManagement_28 -->
  <testcase classname="pv_admin.PV_UserManagement" name="PV_UserManagement_27" time="0.0">
    <ignored/>
  </testcase> <!-- PV_UserManagement_27 -->
  <testcase classname="pv_admin.PV_UserManagement" name="PV_UserManagement_26" time="0.0">
    <ignored/>
  </testcase> <!-- PV_UserManagement_26 -->
  <testcase classname="pv_admin.PV_UserManagement" name="PV_UserManagement_25" time="0.0">
    <ignored/>
  </testcase> <!-- PV_UserManagement_25 -->
  <testcase classname="pv_admin.PV_UserManagement" name="PV_UserManagement_24" time="0.0">
    <ignored/>
  </testcase> <!-- PV_UserManagement_24 -->
  <testcase classname="pv_admin.PV_UserManagement" name="PV_UserManagement_23" time="0.0">
    <ignored/>
  </testcase> <!-- PV_UserManagement_23 -->
  <testcase classname="pv_admin.PV_UserManagement" name="PV_UserManagement_22" time="0.0">
    <ignored/>
  </testcase> <!-- PV_UserManagement_22 -->
  <testcase classname="pv_admin.PV_UserManagement" name="PV_UserManagement_21" time="0.0">
    <ignored/>
  </testcase> <!-- PV_UserManagement_21 -->
  <testcase classname="pv_admin.PV_UserManagement" name="PV_UserManagement_20" time="0.0">
    <ignored/>
  </testcase> <!-- PV_UserManagement_20 -->
  <testcase classname="pv_admin.PV_UserManagement" name="PV_UserManagement_19" time="0.0">
    <ignored/>
  </testcase> <!-- PV_UserManagement_19 -->
  <testcase classname="pv_admin.PV_UserManagement" name="PV_UserManagement_29" time="0.0">
    <ignored/>
  </testcase> <!-- PV_UserManagement_29 -->
  <testcase classname="pv_admin.PV_UserManagement" name="PV_UserManagement_79" time="0.0">
    <ignored/>
  </testcase> <!-- PV_UserManagement_79 -->
  <testcase classname="pv_admin.PV_UserManagement" name="PV_UserManagement_78" time="0.0">
    <ignored/>
  </testcase> <!-- PV_UserManagement_78 -->
  <testcase classname="pv_admin.PV_UserManagement" name="PV_UserManagement_77" time="0.0">
    <ignored/>
  </testcase> <!-- PV_UserManagement_77 -->
  <testcase classname="pv_admin.PV_UserManagement" name="PV_UserManagement_76" time="0.0">
    <ignored/>
  </testcase> <!-- PV_UserManagement_76 -->
  <testcase classname="pv_admin.PV_UserManagement" name="PV_UserManagement_75" time="0.0">
    <ignored/>
  </testcase> <!-- PV_UserManagement_75 -->
  <testcase classname="pv_admin.PV_UserManagement" name="PV_UserManagement_74" time="0.0">
    <ignored/>
  </testcase> <!-- PV_UserManagement_74 -->
  <testcase classname="pv_admin.PV_UserManagement" name="PV_UserManagement_73" time="0.0">
    <ignored/>
  </testcase> <!-- PV_UserManagement_73 -->
  <testcase classname="pv_admin.PV_UserManagement" name="PV_UserManagement_72" time="0.0">
    <ignored/>
  </testcase> <!-- PV_UserManagement_72 -->
  <testcase classname="pv_admin.PV_UserManagement" name="PV_UserManagement_71" time="0.0">
    <ignored/>
  </testcase> <!-- PV_UserManagement_71 -->
  <testcase classname="pv_admin.PV_UserManagement" name="PV_UserManagement_70" time="0.0">
    <ignored/>
  </testcase> <!-- PV_UserManagement_70 -->
  <testcase classname="pv_admin.PV_UserManagement" name="PV_UserManagement_184" time="0.0">
    <ignored/>
  </testcase> <!-- PV_UserManagement_184 -->
  <testcase classname="pv_admin.PV_UserManagement" name="PV_UserManagement_185" time="0.0">
    <ignored/>
  </testcase> <!-- PV_UserManagement_185 -->
  <testcase classname="pv_admin.PV_UserManagement" name="PV_UserManagement_49" time="0.0">
    <ignored/>
  </testcase> <!-- PV_UserManagement_49 -->
  <testcase classname="pv_admin.PV_UserManagement" name="PV_UserManagement_182" time="0.0">
    <ignored/>
  </testcase> <!-- PV_UserManagement_182 -->
  <testcase classname="pv_admin.PV_UserManagement" name="PV_UserManagement_183" time="0.0">
    <ignored/>
  </testcase> <!-- PV_UserManagement_183 -->
  <testcase classname="pv_admin.PV_UserManagement" name="PV_UserManagement_181" time="0.0">
    <ignored/>
  </testcase> <!-- PV_UserManagement_181 -->
  <testcase classname="pv_admin.PV_UserManagement" name="PV_UserManagement_45" time="0.0">
    <ignored/>
  </testcase> <!-- PV_UserManagement_45 -->
  <testcase classname="pv_admin.PV_UserManagement" name="PV_UserManagement_44" time="0.0">
    <ignored/>
  </testcase> <!-- PV_UserManagement_44 -->
  <testcase classname="pv_admin.PV_UserManagement" name="PV_UserManagement_43" time="0.0">
    <ignored/>
  </testcase> <!-- PV_UserManagement_43 -->
  <testcase classname="pv_admin.PV_UserManagement" name="PV_UserManagement_42" time="0.0">
    <ignored/>
  </testcase> <!-- PV_UserManagement_42 -->
  <testcase classname="pv_admin.PV_UserManagement" name="PV_UserManagement_41" time="0.0">
    <ignored/>
  </testcase> <!-- PV_UserManagement_41 -->
  <testcase classname="pv_admin.PV_UserManagement" name="PV_UserManagement_40" time="0.0">
    <ignored/>
  </testcase> <!-- PV_UserManagement_40 -->
  <testcase classname="pv_admin.PV_UserManagement" name="PV_userManagement_98" time="0.0">
    <ignored/>
  </testcase> <!-- PV_userManagement_98 -->
  <testcase classname="pv_admin.PV_UserManagement" name="PV_UserManagement_188" time="0.0">
    <ignored/>
  </testcase> <!-- PV_UserManagement_188 -->
  <testcase classname="pv_admin.PV_UserManagement" name="PV_UserManagement_189" time="0.0">
    <ignored/>
  </testcase> <!-- PV_UserManagement_189 -->
  <testcase classname="pv_admin.PV_UserManagement" name="PV_UserManagement_186" time="0.0">
    <ignored/>
  </testcase> <!-- PV_UserManagement_186 -->
  <testcase classname="pv_admin.PV_UserManagement" name="PV_UserManagement_187" time="0.0">
    <ignored/>
  </testcase> <!-- PV_UserManagement_187 -->
  <testcase classname="pv_admin.PV_UserManagement" name="PV_UserManagement_17" time="0.0">
    <ignored/>
  </testcase> <!-- PV_UserManagement_17 -->
  <testcase classname="pv_admin.PV_UserManagement" name="PV_UserManagement_195" time="0.0">
    <ignored/>
  </testcase> <!-- PV_UserManagement_195 -->
  <testcase classname="pv_admin.PV_UserManagement" name="PV_UserManagement_16" time="0.0">
    <ignored/>
  </testcase> <!-- PV_UserManagement_16 -->
  <testcase classname="pv_admin.PV_UserManagement" name="PV_UserManagement_196" time="0.0">
    <ignored/>
  </testcase> <!-- PV_UserManagement_196 -->
  <testcase classname="pv_admin.PV_UserManagement" name="PV_UserManagement_15" time="0.0">
    <ignored/>
  </testcase> <!-- PV_UserManagement_15 -->
  <testcase classname="pv_admin.PV_UserManagement" name="PV_UserManagement_193" time="0.0">
    <ignored/>
  </testcase> <!-- PV_UserManagement_193 -->
  <testcase classname="pv_admin.PV_UserManagement" name="PV_UserManagement_194" time="0.0">
    <ignored/>
  </testcase> <!-- PV_UserManagement_194 -->
  <testcase classname="pv_admin.PV_UserManagement" name="PV_UserManagement_14" time="0.0">
    <ignored/>
  </testcase> <!-- PV_UserManagement_14 -->
  <testcase classname="pv_admin.PV_UserManagement" name="PV_UserManagement_13" time="0.0">
    <ignored/>
  </testcase> <!-- PV_UserManagement_13 -->
  <testcase classname="pv_admin.PV_UserManagement" name="PV_UserManagement_191" time="0.0">
    <ignored/>
  </testcase> <!-- PV_UserManagement_191 -->
  <testcase classname="pv_admin.PV_UserManagement" name="PV_UserManagement_192" time="0.0">
    <ignored/>
  </testcase> <!-- PV_UserManagement_192 -->
  <testcase classname="pv_admin.PV_UserManagement" name="PV_UserManagement_12" time="0.0">
    <ignored/>
  </testcase> <!-- PV_UserManagement_12 -->
  <testcase classname="pv_admin.PV_UserManagement" name="PV_UserManagement_11" time="0.0">
    <ignored/>
  </testcase> <!-- PV_UserManagement_11 -->
  <testcase classname="pv_admin.PV_UserManagement" name="PV_UserManagement_10" time="0.0">
    <ignored/>
  </testcase> <!-- PV_UserManagement_10 -->
  <testcase classname="pv_admin.PV_UserManagement" name="PV_UserManagement_190" time="0.0">
    <ignored/>
  </testcase> <!-- PV_UserManagement_190 -->
  <testcase classname="pv_admin.PV_UserManagement" name="PV_UserManagement_199" time="0.0">
    <ignored/>
  </testcase> <!-- PV_UserManagement_199 -->
  <testcase classname="pv_admin.PV_UserManagement" name="PV_UserManagement_197" time="0.0">
    <ignored/>
  </testcase> <!-- PV_UserManagement_197 -->
  <testcase classname="pv_admin.PV_UserManagement" name="PV_UserManagement_198" time="0.0">
    <ignored/>
  </testcase> <!-- PV_UserManagement_198 -->
  <testcase classname="pv_admin.PV_UserManagement" name="PV_UserManagement_09" time="0.0">
    <ignored/>
  </testcase> <!-- PV_UserManagement_09 -->
  <testcase classname="pv_admin.PV_UserManagement" name="PV_UserManagement_08" time="0.0">
    <ignored/>
  </testcase> <!-- PV_UserManagement_08 -->
  <testcase classname="pv_admin.PV_UserManagement" name="PV_UserManagement_18" time="0.0">
    <ignored/>
  </testcase> <!-- PV_UserManagement_18 -->
  <testcase classname="pv_admin.PV_UserManagement" name="PV_UserManagement_160" time="0.0">
    <ignored/>
  </testcase> <!-- PV_UserManagement_160 -->
  <testcase classname="pv_admin.PV_UserManagement" name="PV_UserManagement_161" time="0.0">
    <ignored/>
  </testcase> <!-- PV_UserManagement_161 -->
  <testcase classname="pv_admin.PV_UserManagement" name="PV_UserManagement_168" time="0.0">
    <ignored/>
  </testcase> <!-- PV_UserManagement_168 -->
  <testcase classname="pv_admin.PV_UserManagement" name="PV_UserManagement_169" time="0.0">
    <ignored/>
  </testcase> <!-- PV_UserManagement_169 -->
  <testcase classname="pv_admin.PV_UserManagement" name="PV_UserManagement_166" time="0.0">
    <ignored/>
  </testcase> <!-- PV_UserManagement_166 -->
  <testcase classname="pv_admin.PV_UserManagement" name="PV_UserManagement_167" time="0.0">
    <ignored/>
  </testcase> <!-- PV_UserManagement_167 -->
  <testcase classname="pv_admin.PV_UserManagement" name="PV_UserManagement_164" time="0.0">
    <ignored/>
  </testcase> <!-- PV_UserManagement_164 -->
  <testcase classname="pv_admin.PV_UserManagement" name="PV_UserManagement_165" time="0.0">
    <ignored/>
  </testcase> <!-- PV_UserManagement_165 -->
  <testcase classname="pv_admin.PV_UserManagement" name="PV_UserManagement_39" time="0.0">
    <ignored/>
  </testcase> <!-- PV_UserManagement_39 -->
  <testcase classname="pv_admin.PV_UserManagement" name="PV_UserManagement_174" time="0.0">
    <ignored/>
  </testcase> <!-- PV_UserManagement_174 -->
  <testcase classname="pv_admin.PV_UserManagement" name="PV_UserManagement_38" time="0.0">
    <ignored/>
  </testcase> <!-- PV_UserManagement_38 -->
  <testcase classname="pv_admin.PV_UserManagement" name="PV_UserManagement_171" time="0.0">
    <ignored/>
  </testcase> <!-- PV_UserManagement_171 -->
  <testcase classname="pv_admin.PV_UserManagement" name="PV_UserManagement_37" time="0.0">
    <ignored/>
  </testcase> <!-- PV_UserManagement_37 -->
  <testcase classname="pv_admin.PV_UserManagement" name="PV_UserManagement_172" time="0.0">
    <ignored/>
  </testcase> <!-- PV_UserManagement_172 -->
  <testcase classname="pv_admin.PV_UserManagement" name="PV_UserManagement_36" time="0.0">
    <ignored/>
  </testcase> <!-- PV_UserManagement_36 -->
  <testcase classname="pv_admin.PV_UserManagement" name="PV_UserManagement_35" time="0.0">
    <ignored/>
  </testcase> <!-- PV_UserManagement_35 -->
  <testcase classname="pv_admin.PV_UserManagement" name="PV_UserManagement_170" time="0.0">
    <ignored/>
  </testcase> <!-- PV_UserManagement_170 -->
  <testcase classname="pv_admin.PV_UserManagement" name="PV_UserManagement_34" time="0.0">
    <ignored/>
  </testcase> <!-- PV_UserManagement_34 -->
  <testcase classname="pv_admin.PV_UserManagement" name="PV_UserManagement_33" time="0.0">
    <ignored/>
  </testcase> <!-- PV_UserManagement_33 -->
  <testcase classname="pv_admin.PV_UserManagement" name="PV_UserManagement_32" time="0.0">
    <ignored/>
  </testcase> <!-- PV_UserManagement_32 -->
  <testcase classname="pv_admin.PV_UserManagement" name="PV_UserManagement_31" time="0.0">
    <ignored/>
  </testcase> <!-- PV_UserManagement_31 -->
  <testcase classname="pv_admin.PV_UserManagement" name="PV_UserManagement_30" time="0.0">
    <ignored/>
  </testcase> <!-- PV_UserManagement_30 -->
  <testcase classname="pv_admin.PV_UserManagement" name="PV_UserManagement_177" time="0.0">
    <ignored/>
  </testcase> <!-- PV_UserManagement_177 -->
  <testcase classname="pv_admin.PV_UserManagement" name="PV_UserManagement_178" time="0.0">
    <ignored/>
  </testcase> <!-- PV_UserManagement_178 -->
  <testcase classname="pv_admin.PV_UserManagement" name="PV_UserManagement_175" time="0.0">
    <ignored/>
  </testcase> <!-- PV_UserManagement_175 -->
  <testcase classname="pv_admin.PV_UserManagement" name="PV_UserManagement_176" time="0.0">
    <ignored/>
  </testcase> <!-- PV_UserManagement_176 -->
  <testcase classname="pv_admin.PV_UserManagement" name="PV_UserManagement_06" time="0.0">
    <ignored/>
  </testcase> <!-- PV_UserManagement_06 -->
  <testcase classname="pv_admin.PV_UserManagement" name="PV_UserManagement_140" time="0.0">
    <ignored/>
  </testcase> <!-- PV_UserManagement_140 -->
  <testcase classname="pv_admin.PV_UserManagement" name="PV_UserManagement_05" time="0.0">
    <ignored/>
  </testcase> <!-- PV_UserManagement_05 -->
  <testcase classname="pv_admin.PV_UserManagement" name="PV_UserManagement_04" time="0.0">
    <ignored/>
  </testcase> <!-- PV_UserManagement_04 -->
  <testcase classname="pv_admin.PV_UserManagement" name="PV_UserManagement_03" time="0.0">
    <ignored/>
  </testcase> <!-- PV_UserManagement_03 -->
  <testcase classname="pv_admin.PV_UserManagement" name="PV_UserManagement_02" time="0.0">
    <ignored/>
  </testcase> <!-- PV_UserManagement_02 -->
  <testcase classname="pv_admin.PV_UserManagement" name="PV_UserManagement_01" time="0.0">
    <ignored/>
  </testcase> <!-- PV_UserManagement_01 -->
  <testcase classname="pv_admin.PV_UserManagement" name="PV_UserManagement_148" time="0.0">
    <ignored/>
  </testcase> <!-- PV_UserManagement_148 -->
  <testcase classname="pv_admin.PV_UserManagement" name="PV_UserManagement_149" time="0.0">
    <ignored/>
  </testcase> <!-- PV_UserManagement_149 -->
  <testcase classname="pv_admin.PV_UserManagement" name="PV_UserManagement_146" time="0.0">
    <ignored/>
  </testcase> <!-- PV_UserManagement_146 -->
  <testcase classname="pv_admin.PV_UserManagement" name="PV_UserManagement_147" time="0.0">
    <ignored/>
  </testcase> <!-- PV_UserManagement_147 -->
  <testcase classname="pv_admin.PV_UserManagement" name="PV_UserManagement_144" time="0.0">
    <ignored/>
  </testcase> <!-- PV_UserManagement_144 -->
  <testcase classname="pv_admin.PV_UserManagement" name="PV_UserManagement_142" time="0.0">
    <ignored/>
  </testcase> <!-- PV_UserManagement_142 -->
  <testcase classname="pv_admin.PV_UserManagement" name="PV_UserManagement_143" time="0.0">
    <ignored/>
  </testcase> <!-- PV_UserManagement_143 -->
  <testcase classname="pv_admin.PV_UserManagement" name="PV_UserManagement_07" time="0.0">
    <ignored/>
  </testcase> <!-- PV_UserManagement_07 -->
  <testcase classname="pv_admin.PV_UserManagement" name="PV_UserManagement_151" time="0.0">
    <ignored/>
  </testcase> <!-- PV_UserManagement_151 -->
  <testcase classname="pv_admin.PV_UserManagement" name="PV_UserManagement_152" time="0.0">
    <ignored/>
  </testcase> <!-- PV_UserManagement_152 -->
  <testcase classname="pv_admin.PV_UserManagement" name="PV_UserManagement_150" time="0.0">
    <ignored/>
  </testcase> <!-- PV_UserManagement_150 -->
  <testcase classname="pv_admin.PV_UserManagement" name="PV_UserManagement_159" time="0.0">
    <ignored/>
  </testcase> <!-- PV_UserManagement_159 -->
  <testcase classname="pv_admin.PV_UserManagement" name="PV_userManagement_67" time="0.0">
    <ignored/>
  </testcase> <!-- PV_userManagement_67 -->
  <testcase classname="pv_admin.PV_UserManagement" name="PV_UserManagement_157" time="0.0">
    <ignored/>
  </testcase> <!-- PV_UserManagement_157 -->
  <testcase classname="pv_admin.PV_UserManagement" name="PV_UserManagement_158" time="0.0">
    <ignored/>
  </testcase> <!-- PV_UserManagement_158 -->
  <testcase classname="pv_admin.PV_UserManagement" name="PV_UserManagement_156" time="0.0">
    <ignored/>
  </testcase> <!-- PV_UserManagement_156 -->
  <testcase classname="pv_admin.PV_UserManagement" name="PV_UserManagement_153" time="0.0">
    <ignored/>
  </testcase> <!-- PV_UserManagement_153 -->
  <testcase classname="pv_admin.PV_UserManagement" name="PV_UserManagement_154" time="0.0">
    <ignored/>
  </testcase> <!-- PV_UserManagement_154 -->
  <testcase classname="pv_admin.PV_UserManagement" name="PV_UserManagement_126" time="0.0">
    <ignored/>
  </testcase> <!-- PV_UserManagement_126 -->
  <testcase classname="pv_admin.PV_UserManagement" name="PV_UserManagement_127" time="0.0">
    <ignored/>
  </testcase> <!-- PV_UserManagement_127 -->
  <testcase classname="pv_admin.PV_UserManagement" name="PV_UserManagement_124" time="0.0">
    <ignored/>
  </testcase> <!-- PV_UserManagement_124 -->
  <testcase classname="pv_admin.PV_UserManagement" name="PV_UserManagement_125" time="0.0">
    <ignored/>
  </testcase> <!-- PV_UserManagement_125 -->
  <testcase classname="pv_admin.PV_UserManagement" name="PV_UserManagement_122" time="0.0">
    <ignored/>
  </testcase> <!-- PV_UserManagement_122 -->
  <testcase classname="pv_admin.PV_UserManagement" name="PV_UserManagement_123" time="0.0">
    <ignored/>
  </testcase> <!-- PV_UserManagement_123 -->
  <testcase classname="pv_admin.PV_UserManagement" name="PV_UserManagement_120" time="0.0">
    <ignored/>
  </testcase> <!-- PV_UserManagement_120 -->
  <testcase classname="pv_admin.PV_UserManagement" name="PV_UserManagement_121" time="0.0">
    <ignored/>
  </testcase> <!-- PV_UserManagement_121 -->
  <testcase classname="pv_admin.PV_UserManagement" name="PV_UserManagement_119" time="0.0">
    <ignored/>
  </testcase> <!-- PV_UserManagement_119 -->
  <testcase classname="pv_admin.PV_UserManagement" name="PV_UserManagement_128" time="0.0">
    <ignored/>
  </testcase> <!-- PV_UserManagement_128 -->
  <testcase classname="pv_admin.PV_UserManagement" name="PV_UserManagement_118" time="0.0">
    <ignored/>
  </testcase> <!-- PV_UserManagement_118 -->
  <testcase classname="pv_admin.PV_UserManagement" name="PV_UserManagement_130" time="0.0">
    <ignored/>
  </testcase> <!-- PV_UserManagement_130 -->
  <testcase classname="pv_admin.PV_UserManagement" name="PV_UserManagement_137" time="0.0">
    <ignored/>
  </testcase> <!-- PV_UserManagement_137 -->
  <testcase classname="pv_admin.PV_UserManagement" name="PV_UserManagement_138" time="0.0">
    <ignored/>
  </testcase> <!-- PV_UserManagement_138 -->
  <testcase classname="pv_admin.PV_UserManagement" name="PV_UserManagement_135" time="0.0">
    <ignored/>
  </testcase> <!-- PV_UserManagement_135 -->
  <testcase classname="pv_admin.PV_UserManagement" name="PV_UserManagement_136" time="0.0">
    <ignored/>
  </testcase> <!-- PV_UserManagement_136 -->
  <testcase classname="pv_admin.PV_UserManagement" name="PV_UserManagement_133" time="0.0">
    <ignored/>
  </testcase> <!-- PV_UserManagement_133 -->
  <testcase classname="pv_admin.PV_UserManagement" name="PV_UserManagement_134" time="0.0">
    <ignored/>
  </testcase> <!-- PV_UserManagement_134 -->
  <testcase classname="pv_admin.PV_UserManagement" name="PV_UserManagement_131" time="0.0">
    <ignored/>
  </testcase> <!-- PV_UserManagement_131 -->
  <testcase classname="pv_admin.PV_UserManagement" name="PV_UserManagement_132" time="0.0">
    <ignored/>
  </testcase> <!-- PV_UserManagement_132 -->
  <testcase classname="pv_admin.PV_UserManagement" name="PV_UserManagement_139" time="0.0">
    <ignored/>
  </testcase> <!-- PV_UserManagement_139 -->
  <testcase classname="pv_admin.PV_UserManagement" name="PV_UserManagement_104" time="0.0">
    <ignored/>
  </testcase> <!-- PV_UserManagement_104 -->
  <testcase classname="pv_admin.PV_UserManagement" name="PV_UserManagement_225" time="0.0">
    <ignored/>
  </testcase> <!-- PV_UserManagement_225 -->
  <testcase classname="pv_admin.PV_UserManagement" name="PV_UserManagement_105" time="0.0">
    <ignored/>
  </testcase> <!-- PV_UserManagement_105 -->
  <testcase classname="pv_admin.PV_UserManagement" name="PV_UserManagement_226" time="0.0">
    <ignored/>
  </testcase> <!-- PV_UserManagement_226 -->
  <testcase classname="pv_admin.PV_UserManagement" name="PV_UserManagement_102" time="0.0">
    <ignored/>
  </testcase> <!-- PV_UserManagement_102 -->
  <testcase classname="pv_admin.PV_UserManagement" name="PV_UserManagement_223" time="0.0">
    <ignored/>
  </testcase> <!-- PV_UserManagement_223 -->
  <testcase classname="pv_admin.PV_UserManagement" name="PV_UserManagement_224" time="0.0">
    <ignored/>
  </testcase> <!-- PV_UserManagement_224 -->
  <testcase classname="pv_admin.PV_UserManagement" name="PV_UserManagement_103" time="0.0">
    <ignored/>
  </testcase> <!-- PV_UserManagement_103 -->
  <testcase classname="pv_admin.PV_UserManagement" name="PV_UserManagement_100" time="0.0">
    <ignored/>
  </testcase> <!-- PV_UserManagement_100 -->
  <testcase classname="pv_admin.PV_UserManagement" name="PV_UserManagement_221" time="0.0">
    <ignored/>
  </testcase> <!-- PV_UserManagement_221 -->
  <testcase classname="pv_admin.PV_UserManagement" name="PV_UserManagement_101" time="0.0">
    <ignored/>
  </testcase> <!-- PV_UserManagement_101 -->
  <testcase classname="pv_admin.PV_UserManagement" name="PV_UserManagement_222" time="0.0">
    <ignored/>
  </testcase> <!-- PV_UserManagement_222 -->
  <testcase classname="pv_admin.PV_UserManagement" name="PV_UserManagement_220" time="0.0">
    <ignored/>
  </testcase> <!-- PV_UserManagement_220 -->
  <testcase classname="pv_admin.PV_UserManagement" name="PV_userManagement_145" time="0.0">
    <ignored/>
  </testcase> <!-- PV_userManagement_145 -->
  <testcase classname="pv_admin.PV_UserManagement" name="PV_UserManagement_218" time="0.0">
    <ignored/>
  </testcase> <!-- PV_UserManagement_218 -->
  <testcase classname="pv_admin.PV_UserManagement" name="PV_UserManagement_219" time="0.0">
    <ignored/>
  </testcase> <!-- PV_UserManagement_219 -->
  <testcase classname="pv_admin.PV_UserManagement" name="PV_UserManagement_227" time="0.0">
    <ignored/>
  </testcase> <!-- PV_UserManagement_227 -->
  <testcase classname="pv_admin.PV_UserManagement" name="PV_UserManagement_106" time="0.0">
    <ignored/>
  </testcase> <!-- PV_UserManagement_106 -->
  <testcase classname="pv_admin.PV_UserManagement" name="PV_UserManagement_217" time="0.0">
    <ignored/>
  </testcase> <!-- PV_UserManagement_217 -->
  <testcase classname="pv_admin.PV_UserManagement" name="PV_userManagement_141" time="0.0">
    <ignored/>
  </testcase> <!-- PV_userManagement_141 -->
  <testcase classname="pv_admin.PV_UserManagement" name="PV_UserManagement_99" time="0.0">
    <ignored/>
  </testcase> <!-- PV_UserManagement_99 -->
  <testcase classname="pv_admin.PV_UserManagement" name="PV_UserManagement_97" time="0.0">
    <ignored/>
  </testcase> <!-- PV_UserManagement_97 -->
  <testcase classname="pv_admin.PV_UserManagement" name="PV_UserManagement_115" time="0.0">
    <ignored/>
  </testcase> <!-- PV_UserManagement_115 -->
  <testcase classname="pv_admin.PV_UserManagement" name="PV_UserManagement_96" time="0.0">
    <ignored/>
  </testcase> <!-- PV_UserManagement_96 -->
  <testcase classname="pv_admin.PV_UserManagement" name="PV_UserManagement_116" time="0.0">
    <ignored/>
  </testcase> <!-- PV_UserManagement_116 -->
  <testcase classname="pv_admin.PV_UserManagement" name="PV_UserManagement_95" time="0.0">
    <ignored/>
  </testcase> <!-- PV_UserManagement_95 -->
  <testcase classname="pv_admin.PV_UserManagement" name="PV_UserManagement_113" time="0.0">
    <ignored/>
  </testcase> <!-- PV_UserManagement_113 -->
  <testcase classname="pv_admin.PV_UserManagement" name="PV_UserManagement_94" time="0.0">
    <ignored/>
  </testcase> <!-- PV_UserManagement_94 -->
  <testcase classname="pv_admin.PV_UserManagement" name="PV_UserManagement_114" time="0.0">
    <ignored/>
  </testcase> <!-- PV_UserManagement_114 -->
  <testcase classname="pv_admin.PV_UserManagement" name="PV_UserManagement_111" time="0.0">
    <ignored/>
  </testcase> <!-- PV_UserManagement_111 -->
  <testcase classname="pv_admin.PV_UserManagement" name="PV_UserManagement_112" time="0.0">
    <ignored/>
  </testcase> <!-- PV_UserManagement_112 -->
  <testcase classname="pv_admin.PV_UserManagement" name="PV_UserManagement_92" time="0.0">
    <ignored/>
  </testcase> <!-- PV_UserManagement_92 -->
  <testcase classname="pv_admin.PV_UserManagement" name="pV_UserManagement_155" time="0.0">
    <ignored/>
  </testcase> <!-- pV_UserManagement_155 -->
  <testcase classname="pv_admin.PV_UserManagement" name="PV_UserManagement_110" time="0.0">
    <ignored/>
  </testcase> <!-- PV_UserManagement_110 -->
  <testcase classname="pv_admin.PV_UserManagement" name="PV_UserManagement_108" time="0.0">
    <ignored/>
  </testcase> <!-- PV_UserManagement_108 -->
  <testcase classname="pv_admin.PV_UserManagement" name="PV_UserManagement_109" time="0.0">
    <ignored/>
  </testcase> <!-- PV_UserManagement_109 -->
  <testcase classname="pv_admin.PV_UserManagement" name="PV_UserManagement_117" time="0.0">
    <ignored/>
  </testcase> <!-- PV_UserManagement_117 -->
  <testcase classname="pv_admin.PV_UserManagement" name="PV_UserManagement_107" time="0.0">
    <ignored/>
  </testcase> <!-- PV_UserManagement_107 -->
  <testcase classname="pv_admin.PV_UserManagement" name="Openurl" time="0.0">
    <ignored/>
  </testcase> <!-- Openurl -->
  <testcase classname="pv_admin.PV_UserManagement" name="PV_UserManagement_69" time="0.0">
    <ignored/>
  </testcase> <!-- PV_UserManagement_69 -->
  <testcase classname="pv_admin.PV_UserManagement" name="PV_UserManagement_68" time="0.0">
    <ignored/>
  </testcase> <!-- PV_UserManagement_68 -->
  <testcase classname="pv_admin.PV_UserManagement" name="PV_UserManagement_66" time="0.0">
    <ignored/>
  </testcase> <!-- PV_UserManagement_66 -->
  <testcase classname="pv_admin.PV_UserManagement" name="PV_UserManagement_65" time="0.0">
    <ignored/>
  </testcase> <!-- PV_UserManagement_65 -->
  <testcase classname="pv_admin.PV_UserManagement" name="PV_UserManagement_64" time="0.0">
    <ignored/>
  </testcase> <!-- PV_UserManagement_64 -->
  <testcase classname="pv_admin.PV_UserManagement" name="PV_UserManagement_203" time="0.0">
    <ignored/>
  </testcase> <!-- PV_UserManagement_203 -->
  <testcase classname="pv_admin.PV_UserManagement" name="PV_UserManagement_204" time="0.0">
    <ignored/>
  </testcase> <!-- PV_UserManagement_204 -->
  <testcase classname="pv_admin.PV_UserManagement" name="PV_UserManagement_63" time="0.0">
    <ignored/>
  </testcase> <!-- PV_UserManagement_63 -->
  <testcase classname="pv_admin.PV_UserManagement" name="PV_UserManagement_62" time="0.0">
    <ignored/>
  </testcase> <!-- PV_UserManagement_62 -->
  <testcase classname="pv_admin.PV_UserManagement" name="PV_UserManagement_61" time="0.0">
    <ignored/>
  </testcase> <!-- PV_UserManagement_61 -->
  <testcase classname="pv_admin.PV_UserManagement" name="PV_UserManagement_60" time="0.0">
    <ignored/>
  </testcase> <!-- PV_UserManagement_60 -->
  <testcase classname="pv_admin.PV_UserManagement" name="PV_UserManagement_200" time="0.0">
    <ignored/>
  </testcase> <!-- PV_UserManagement_200 -->
  <testcase classname="pv_admin.PV_UserManagement" name="PV_UserManagement_205" time="0.0">
    <ignored/>
  </testcase> <!-- PV_UserManagement_205 -->
  <testcase classname="pv_admin.PV_UserManagement" name="PV_UserManagement_214" time="0.0">
    <ignored/>
  </testcase> <!-- PV_UserManagement_214 -->
  <testcase classname="pv_admin.PV_UserManagement" name="PV_UserManagement_215" time="0.0">
    <ignored/>
  </testcase> <!-- PV_UserManagement_215 -->
  <testcase classname="pv_admin.PV_UserManagement" name="PV_UserManagement_212" time="0.0">
    <ignored/>
  </testcase> <!-- PV_UserManagement_212 -->
  <testcase classname="pv_admin.PV_UserManagement" name="PV_UserManagement_213" time="0.0">
    <ignored/>
  </testcase> <!-- PV_UserManagement_213 -->
  <testcase classname="pv_admin.PV_UserManagement" name="PV_UserManagement_210" time="0.0">
    <ignored/>
  </testcase> <!-- PV_UserManagement_210 -->
  <testcase classname="pv_admin.PV_UserManagement" name="PV_UserManagement_211" time="0.0">
    <ignored/>
  </testcase> <!-- PV_UserManagement_211 -->
  <testcase classname="pv_admin.PV_UserManagement" name="PV_UserManagement_209" time="0.0">
    <ignored/>
  </testcase> <!-- PV_UserManagement_209 -->
  <testcase classname="pv_admin.PV_UserManagement" name="PV_UserManagement_207" time="0.0">
    <ignored/>
  </testcase> <!-- PV_UserManagement_207 -->
  <testcase classname="pv_admin.PV_UserManagement" name="PV_UserManagement_208" time="0.0">
    <ignored/>
  </testcase> <!-- PV_UserManagement_208 -->
  <testcase classname="pv_admin.PV_UserManagement" name="pV_UserManagement_129" time="0.0">
    <ignored/>
  </testcase> <!-- pV_UserManagement_129 -->
  <testcase classname="pv_admin.PV_UserManagement" name="PV_UserManagement_216" time="0.0">
    <ignored/>
  </testcase> <!-- PV_UserManagement_216 -->
  <testcase classname="pv_admin.PV_UserManagement" name="PV_UserManagement_206" time="0.0">
    <ignored/>
  </testcase> <!-- PV_UserManagement_206 -->
  <testcase classname="pv_admin.PV_UserManagement" name="PV_UserManagement_88" time="0.0">
    <ignored/>
  </testcase> <!-- PV_UserManagement_88 -->
  <testcase classname="pv_admin.PV_UserManagement" name="PV_UserManagement_87" time="0.0">
    <ignored/>
  </testcase> <!-- PV_UserManagement_87 -->
  <testcase classname="pv_admin.PV_UserManagement" name="PV_UserManagement_86" time="0.0">
    <ignored/>
  </testcase> <!-- PV_UserManagement_86 -->
  <testcase classname="pv_admin.PV_UserManagement" name="PV_UserManagement_85" time="0.0">
    <ignored/>
  </testcase> <!-- PV_UserManagement_85 -->
  <testcase classname="pv_admin.PV_UserManagement" name="PV_UserManagement_84" time="0.0">
    <ignored/>
  </testcase> <!-- PV_UserManagement_84 -->
  <testcase classname="pv_admin.PV_UserManagement" name="PV_UserManagement_83" time="0.0">
    <ignored/>
  </testcase> <!-- PV_UserManagement_83 -->
  <testcase classname="pv_admin.PV_UserManagement" name="PV_UserManagement_80" time="0.0">
    <ignored/>
  </testcase> <!-- PV_UserManagement_80 -->
</testsuite> <!-- PV_UserManagement -->
