<?xml version="1.0" encoding="UTF-8"?>
<testng-results ignored="58" total="60" passed="2" failed="0" skipped="0">
  <reporter-output>
  </reporter-output>
  <suite started-at="2022-02-25T15:54:48 IST" name="Suite" finished-at="2022-02-25T15:55:29 IST" duration-ms="40462">
    <groups>
    </groups>
    <test started-at="2022-02-25T15:54:48 IST" name="PV_LandingPage" finished-at="2022-02-25T15:55:29 IST" duration-ms="40462">
      <class name="pv_admin.PV_LandingPage">
        <test-method is-config="true" signature="setDriver()[pri:0, instance:pv_admin.PV_LandingPage@2ed2d9cb]" started-at="2022-02-25T15:54:48 IST" name="setDriver" finished-at="2022-02-25T15:54:48 IST" duration-ms="9" status="PASS">
          <reporter-output>
          </reporter-output>
        </test-method> <!-- setDriver -->
        <test-method is-config="true" signature="Openurl(org.testng.ITestContext)[pri:0, instance:pv_admin.PV_LandingPage@2ed2d9cb]" started-at="2022-02-25T15:54:48 IST" name="Openurl" finished-at="2022-02-25T15:54:59 IST" duration-ms="10913" status="PASS">
          <params>
            <param index="0">
              <value>
                <![CDATA[org.testng.TestRunner@17f9d882]]>
              </value>
            </param>
          </params>
          <reporter-output>
          </reporter-output>
        </test-method> <!-- Openurl -->
        <test-method signature="PV_HomePage_57(java.lang.reflect.Method)[pri:7, instance:pv_admin.PV_LandingPage@2ed2d9cb]" started-at="2022-02-25T15:54:59 IST" name="PV_HomePage_57" description="To verify that user is able to scroll images using  Next(&quot;&gt;&quot;) and Previous(&quot;&lt;&quot;) button in &quot;News &amp; Events&quot; section." finished-at="2022-02-25T15:55:07 IST" duration-ms="7756" status="PASS">
          <params>
            <param index="0">
              <value>
                <![CDATA[public void pv_admin.PV_LandingPage.PV_HomePage_57(java.lang.reflect.Method) throws java.lang.InterruptedException]]>
              </value>
            </param>
          </params>
          <reporter-output>
          </reporter-output>
        </test-method> <!-- PV_HomePage_57 -->
        <test-method is-config="true" signature="Aftermethod()[pri:0, instance:pv_admin.PV_LandingPage@2ed2d9cb]" started-at="2022-02-25T15:55:07 IST" name="Aftermethod" finished-at="2022-02-25T15:55:09 IST" duration-ms="1628" status="PASS">
          <reporter-output>
          </reporter-output>
        </test-method> <!-- Aftermethod -->
        <test-method is-config="true" signature="schreenshot(org.testng.ITestResult)[pri:0, instance:pv_admin.PV_LandingPage@2ed2d9cb]" started-at="2022-02-25T15:55:09 IST" name="schreenshot" finished-at="2022-02-25T15:55:09 IST" duration-ms="7" status="PASS">
          <params>
            <param index="0">
              <value>
                <![CDATA[[TestResult name=PV_HomePage_57 status=SUCCESS method=PV_LandingPage.PV_HomePage_57(java.lang.reflect.Method)[pri:7, instance:pv_admin.PV_LandingPage@2ed2d9cb] output={null}]]]>
              </value>
            </param>
          </params>
          <reporter-output>
          </reporter-output>
        </test-method> <!-- schreenshot -->
        <test-method is-config="true" signature="Openurl(org.testng.ITestContext)[pri:0, instance:pv_admin.PV_LandingPage@2ed2d9cb]" started-at="2022-02-25T15:55:09 IST" name="Openurl" finished-at="2022-02-25T15:55:20 IST" duration-ms="10427" status="PASS">
          <params>
            <param index="0">
              <value>
                <![CDATA[org.testng.TestRunner@17f9d882]]>
              </value>
            </param>
          </params>
          <reporter-output>
          </reporter-output>
        </test-method> <!-- Openurl -->
        <test-method signature="PV_HomePage_58()[pri:8, instance:pv_admin.PV_LandingPage@2ed2d9cb]" started-at="2022-02-25T15:55:20 IST" name="PV_HomePage_58" description="To verify that user is able to slide images of &quot;News &amp; Events&quot; section by clicking on page control." finished-at="2022-02-25T15:55:27 IST" duration-ms="7217" status="PASS">
          <reporter-output>
          </reporter-output>
        </test-method> <!-- PV_HomePage_58 -->
        <test-method is-config="true" signature="Aftermethod()[pri:0, instance:pv_admin.PV_LandingPage@2ed2d9cb]" started-at="2022-02-25T15:55:27 IST" name="Aftermethod" finished-at="2022-02-25T15:55:29 IST" duration-ms="1628" status="PASS">
          <reporter-output>
          </reporter-output>
        </test-method> <!-- Aftermethod -->
        <test-method is-config="true" signature="schreenshot(org.testng.ITestResult)[pri:0, instance:pv_admin.PV_LandingPage@2ed2d9cb]" started-at="2022-02-25T15:55:29 IST" name="schreenshot" finished-at="2022-02-25T15:55:29 IST" duration-ms="1" status="PASS">
          <params>
            <param index="0">
              <value>
                <![CDATA[[TestResult name=PV_HomePage_58 status=SUCCESS method=PV_LandingPage.PV_HomePage_58()[pri:8, instance:pv_admin.PV_LandingPage@2ed2d9cb] output={null}]]]>
              </value>
            </param>
          </params>
          <reporter-output>
          </reporter-output>
        </test-method> <!-- schreenshot -->
      </class> <!-- pv_admin.PV_LandingPage -->
    </test> <!-- PV_LandingPage -->
  </suite> <!-- Suite -->
</testng-results>
