<?xml version="1.0" encoding="UTF-8"?>
<testng-results ignored="66" total="67" passed="1" failed="0" skipped="0">
  <reporter-output>
  </reporter-output>
  <suite started-at="2022-05-10T12:34:32 IST" name="Suite" finished-at="2022-05-10T12:35:52 IST" duration-ms="79736">
    <groups>
    </groups>
    <test started-at="2022-05-10T12:34:32 IST" name="PV_Patrollings" finished-at="2022-05-10T12:35:52 IST" duration-ms="79736">
      <class name="pv_admin.PV_Patrollings">
        <test-method is-config="true" signature="setDriver(org.testng.ITestContext)[pri:0, instance:pv_admin.PV_Patrollings@446a1e84]" started-at="2022-05-10T12:34:32 IST" name="setDriver" finished-at="2022-05-10T12:34:32 IST" duration-ms="6" status="PASS">
          <params>
            <param index="0">
              <value>
                <![CDATA[org.testng.TestRunner@471a9022]]>
              </value>
            </param>
          </params>
          <reporter-output>
          </reporter-output>
        </test-method> <!-- setDriver -->
        <test-method is-config="true" signature="Openurl(org.testng.ITestContext)[pri:0, instance:pv_admin.PV_Patrollings@446a1e84]" started-at="2022-05-10T12:34:32 IST" name="Openurl" finished-at="2022-05-10T12:34:54 IST" duration-ms="21115" status="PASS">
          <params>
            <param index="0">
              <value>
                <![CDATA[org.testng.TestRunner@471a9022]]>
              </value>
            </param>
          </params>
          <reporter-output>
          </reporter-output>
        </test-method> <!-- Openurl -->
        <test-method signature="PV_Patrollings_64(java.lang.reflect.Method)[pri:63, instance:pv_admin.PV_Patrollings@446a1e84]" started-at="2022-05-10T12:34:54 IST" name="PV_Patrollings_64" description="To verify that user is able to select number of entries show in &quot;Resource Types&quot; page from Show entries dropdown." finished-at="2022-05-10T12:35:50 IST" duration-ms="56962" status="PASS">
          <params>
            <param index="0">
              <value>
                <![CDATA[public void pv_admin.PV_Patrollings.PV_Patrollings_64(java.lang.reflect.Method) throws java.lang.InterruptedException]]>
              </value>
            </param>
          </params>
          <reporter-output>
          </reporter-output>
        </test-method> <!-- PV_Patrollings_64 -->
        <test-method is-config="true" signature="Aftermethod()[pri:0, instance:pv_admin.PV_Patrollings@446a1e84]" started-at="2022-05-10T12:35:51 IST" name="Aftermethod" finished-at="2022-05-10T12:35:52 IST" duration-ms="1441" status="PASS">
          <reporter-output>
          </reporter-output>
        </test-method> <!-- Aftermethod -->
      </class> <!-- pv_admin.PV_Patrollings -->
    </test> <!-- PV_Patrollings -->
  </suite> <!-- Suite -->
</testng-results>
